05-09-2025 10:23:58.717 [main] [-] INFO  GOAL-SERVICE-c.g.GoalServiceApplication.logStarting - Starting GoalServiceApplication using Java 21.0.8 with PID 13196 (D:\Personal Finance Tracker\GoalService\target\classes started by Satya in D:\Personal Finance Tracker\UserService)
05-09-2025 10:23:58.718 [main] [-] INFO  GOAL-SERVICE-c.g.GoalServiceApplication.logStartupProfileInfo - No active profile set, falling back to 1 default profile: "default"
05-09-2025 10:23:58.751 [main] [-] INFO  GOAL-SERVICE-o.s.c.c.c.ConfigServerConfigDataLoader.logTo - Fetching config from server at : http://localhost:8086
05-09-2025 10:23:58.752 [main] [-] INFO  GOAL-SERVICE-o.s.c.c.c.ConfigServerConfigDataLoader.logTo - Located environment: name=GOAL-SERVICE, profiles=[default], label=null, version=c503f00a890dab213fc47001b5ee60722bc117e2, state=
05-09-2025 10:23:59.315 [main] [-] INFO  GOAL-SERVICE-o.s.d.r.c.RepositoryConfigurationDelegate.multipleStoresDetected - Multiple Spring Data modules found, entering strict repository configuration mode
05-09-2025 10:23:59.316 [main] [-] INFO  GOAL-SERVICE-o.s.d.r.c.RepositoryConfigurationDelegate.registerRepositoriesIn - Bootstrapping Spring Data MongoDB repositories in DEFAULT mode.
05-09-2025 10:23:59.420 [main] [-] INFO  GOAL-SERVICE-o.s.d.r.c.RepositoryConfigurationDelegate.registerRepositoriesIn - Finished Spring Data repository scanning in 98 ms. Found 1 MongoDB repository interface.
05-09-2025 10:23:59.436 [main] [-] INFO  GOAL-SERVICE-o.s.d.r.c.RepositoryConfigurationDelegate.multipleStoresDetected - Multiple Spring Data modules found, entering strict repository configuration mode
05-09-2025 10:23:59.437 [main] [-] INFO  GOAL-SERVICE-o.s.d.r.c.RepositoryConfigurationDelegate.registerRepositoriesIn - Bootstrapping Spring Data Redis repositories in DEFAULT mode.
05-09-2025 10:23:59.449 [main] [-] INFO  GOAL-SERVICE-o.s.d.r.c.RepositoryConfigurationExtensionSupport.isStrictRepositoryCandidate - Spring Data Redis - Could not safely identify store assignment for repository candidate interface com.goal_service.repository.GoalRepository; If you want this repository to be a Redis repository, consider annotating your entities with one of these annotations: org.springframework.data.redis.core.RedisHash (preferred), or consider extending one of the following types with your repository: org.springframework.data.keyvalue.repository.KeyValueRepository
05-09-2025 10:23:59.449 [main] [-] INFO  GOAL-SERVICE-o.s.d.r.c.RepositoryConfigurationDelegate.registerRepositoriesIn - Finished Spring Data repository scanning in 4 ms. Found 0 Redis repository interfaces.
05-09-2025 10:23:59.668 [main] [-] INFO  GOAL-SERVICE-o.s.cloud.context.scope.GenericScope.setSerializationId - BeanFactory id=112c05fe-d05e-37fa-bf70-8f186b5844f4
05-09-2025 10:23:59.895 [main] [-] INFO  GOAL-SERVICE-o.s.b.w.e.tomcat.TomcatWebServer.initialize - Tomcat initialized with port 8085 (http)
05-09-2025 10:23:59.904 [main] [-] INFO  GOAL-SERVICE-o.a.coyote.http11.Http11NioProtocol.log - Initializing ProtocolHandler ["http-nio-8085"]
05-09-2025 10:23:59.906 [main] [-] INFO  GOAL-SERVICE-o.a.catalina.core.StandardService.log - Starting service [Tomcat]
05-09-2025 10:23:59.906 [main] [-] INFO  GOAL-SERVICE-o.a.catalina.core.StandardEngine.log - Starting Servlet engine: [Apache Tomcat/10.1.43]
05-09-2025 10:23:59.953 [main] [-] INFO  GOAL-SERVICE-o.a.c.c.C.[Tomcat].[localhost].[/].log - Initializing Spring embedded WebApplicationContext
05-09-2025 10:23:59.954 [main] [-] INFO  GOAL-SERVICE-o.s.b.w.s.c.ServletWebServerApplicationContext.prepareWebApplicationContext - Root WebApplicationContext: initialization completed in 1201 ms
05-09-2025 10:24:00.107 [main] [-] INFO  GOAL-SERVICE-org.mongodb.driver.client.info - MongoClient with metadata {"driver": {"name": "mongo-java-driver|sync|spring-boot", "version": "5.5.1"}, "os": {"type": "Windows", "name": "Windows 11", "architecture": "amd64", "version": "10.0"}, "platform": "Java/Eclipse Adoptium/21.0.8+9-LTS"} created with settings MongoClientSettings{readPreference=primary, writeConcern=WriteConcern{w=null, wTimeout=null ms, journal=null}, retryWrites=true, retryReads=true, readConcern=ReadConcern{level=null}, credential=null, transportSettings=null, commandListeners=[], codecRegistry=ProvidersCodecRegistry{codecProviders=[ValueCodecProvider{}, BsonValueCodecProvider{}, DBRefCodecProvider{}, DBObjectCodecProvider{}, DocumentCodecProvider{}, CollectionCodecProvider{}, IterableCodecProvider{}, MapCodecProvider{}, GeoJsonCodecProvider{}, GridFSFileCodecProvider{}, Jsr310CodecProvider{}, JsonObjectCodecProvider{}, BsonCodecProvider{}, EnumCodecProvider{}, com.mongodb.client.model.mql.ExpressionCodecProvider@722b3ba2, com.mongodb.Jep395RecordCodecProvider@6487f7f8, com.mongodb.KotlinCodecProvider@2b62475a]}, loggerSettings=LoggerSettings{maxDocumentLength=1000}, clusterSettings={hosts=[localhost:27017], srvServiceName=mongodb, mode=SINGLE, requiredClusterType=UNKNOWN, requiredReplicaSetName='null', serverSelector='null', clusterListeners='[]', serverSelectionTimeout='30000 ms', localThreshold='15 ms'}, socketSettings=SocketSettings{connectTimeoutMS=10000, readTimeoutMS=0, receiveBufferSize=0, proxySettings=ProxySettings{host=null, port=null, username=null, password=null}}, heartbeatSocketSettings=SocketSettings{connectTimeoutMS=10000, readTimeoutMS=10000, receiveBufferSize=0, proxySettings=ProxySettings{host=null, port=null, username=null, password=null}}, connectionPoolSettings=ConnectionPoolSettings{maxSize=100, minSize=0, maxWaitTimeMS=120000, maxConnectionLifeTimeMS=0, maxConnectionIdleTimeMS=0, maintenanceInitialDelayMS=0, maintenanceFrequencyMS=60000, connectionPoolListeners=[], maxConnecting=2}, serverSettings=ServerSettings{heartbeatFrequencyMS=10000, minHeartbeatFrequencyMS=500, serverMonitoringMode=AUTO, serverListeners='[]', serverMonitorListeners='[]'}, sslSettings=SslSettings{enabled=false, invalidHostNameAllowed=false, context=null}, applicationName='null', compressorList=[], uuidRepresentation=JAVA_LEGACY, serverApi=null, autoEncryptionSettings=null, dnsClient=null, inetAddressResolver=null, contextProvider=null, timeoutMS=null}
05-09-2025 10:24:00.114 [cluster-ClusterId{value='68ba6ce8d1de35024b9448a6', description='null'}-localhost:27017] [-] INFO  GOAL-SERVICE-org.mongodb.driver.cluster.info - Monitor thread successfully connected to server with description ServerDescription{address=localhost:27017, type=STANDALONE, cryptd=false, state=CONNECTED, ok=true, minWireVersion=0, maxWireVersion=25, maxDocumentSize=16777216, logicalSessionTimeoutMinutes=30, roundTripTimeNanos=18732900, minRoundTripTimeNanos=0}
05-09-2025 10:24:00.416 [main] [-] INFO  GOAL-SERVICE-o.s.c.o.FeignClientFactoryBean.getTarget - For 'ACCOUNT-SERVICE' URL not provided. Will try picking an instance via load-balancing.
05-09-2025 10:24:00.514 [main] [-] INFO  GOAL-SERVICE-o.s.c.o.FeignClientFactoryBean.getTarget - For 'USER-SERVICE' URL not provided. Will try picking an instance via load-balancing.
05-09-2025 10:24:01.048 [main] [-] INFO  GOAL-SERVICE-o.s.c.n.e.c.DiscoveryClientOptionalArgsConfiguration.restTemplateDiscoveryClientOptionalArgs - Eureka HTTP Client uses RestTemplate.
05-09-2025 10:24:01.076 [main] [-] WARN  GOAL-SERVICE-o.s.c.l.c.LoadBalancerCacheAutoConfiguration$LoadBalancerCaffeineWarnLogger.afterPropertiesSet - Spring Cloud LoadBalancer is currently working with the default cache. While this cache implementation is useful for development and tests, it's recommended to use Caffeine cache in production.You can switch to using Caffeine cache, by adding it and org.springframework.cache.caffeine.CaffeineCacheManager to the classpath.
05-09-2025 10:24:01.161 [main] [-] INFO  GOAL-SERVICE-o.a.k.c.admin.AdminClientConfig.logAll - AdminClientConfig values: 
	auto.include.jmx.reporter = true
	bootstrap.controllers = []
	bootstrap.servers = [localhost:9092]
	client.dns.lookup = use_all_dns_ips
	client.id = GOAL-SERVICE-admin-0
	connections.max.idle.ms = 300000
	default.api.timeout.ms = 60000
	enable.metrics.push = true
	metadata.max.age.ms = 300000
	metadata.recovery.strategy = none
	metric.reporters = []
	metrics.num.samples = 2
	metrics.recording.level = INFO
	metrics.sample.window.ms = 30000
	receive.buffer.bytes = 65536
	reconnect.backoff.max.ms = 1000
	reconnect.backoff.ms = 50
	request.timeout.ms = 30000
	retries = 2147483647
	retry.backoff.max.ms = 1000
	retry.backoff.ms = 100
	sasl.client.callback.handler.class = null
	sasl.jaas.config = null
	sasl.kerberos.kinit.cmd = /usr/bin/kinit
	sasl.kerberos.min.time.before.relogin = 60000
	sasl.kerberos.service.name = null
	sasl.kerberos.ticket.renew.jitter = 0.05
	sasl.kerberos.ticket.renew.window.factor = 0.8
	sasl.login.callback.handler.class = null
	sasl.login.class = null
	sasl.login.connect.timeout.ms = null
	sasl.login.read.timeout.ms = null
	sasl.login.refresh.buffer.seconds = 300
	sasl.login.refresh.min.period.seconds = 60
	sasl.login.refresh.window.factor = 0.8
	sasl.login.refresh.window.jitter = 0.05
	sasl.login.retry.backoff.max.ms = 10000
	sasl.login.retry.backoff.ms = 100
	sasl.mechanism = GSSAPI
	sasl.oauthbearer.clock.skew.seconds = 30
	sasl.oauthbearer.expected.audience = null
	sasl.oauthbearer.expected.issuer = null
	sasl.oauthbearer.header.urlencode = false
	sasl.oauthbearer.jwks.endpoint.refresh.ms = 3600000
	sasl.oauthbearer.jwks.endpoint.retry.backoff.max.ms = 10000
	sasl.oauthbearer.jwks.endpoint.retry.backoff.ms = 100
	sasl.oauthbearer.jwks.endpoint.url = null
	sasl.oauthbearer.scope.claim.name = scope
	sasl.oauthbearer.sub.claim.name = sub
	sasl.oauthbearer.token.endpoint.url = null
	security.protocol = PLAINTEXT
	security.providers = null
	send.buffer.bytes = 131072
	socket.connection.setup.timeout.max.ms = 30000
	socket.connection.setup.timeout.ms = 10000
	ssl.cipher.suites = null
	ssl.enabled.protocols = [TLSv1.2, TLSv1.3]
	ssl.endpoint.identification.algorithm = https
	ssl.engine.factory.class = null
	ssl.key.password = null
	ssl.keymanager.algorithm = SunX509
	ssl.keystore.certificate.chain = null
	ssl.keystore.key = null
	ssl.keystore.location = null
	ssl.keystore.password = null
	ssl.keystore.type = JKS
	ssl.protocol = TLSv1.3
	ssl.provider = null
	ssl.secure.random.implementation = null
	ssl.trustmanager.algorithm = PKIX
	ssl.truststore.certificates = null
	ssl.truststore.location = null
	ssl.truststore.password = null
	ssl.truststore.type = JKS

05-09-2025 10:24:01.217 [main] [-] INFO  GOAL-SERVICE-o.a.kafka.common.utils.AppInfoParser.<init> - Kafka version: 3.9.1
05-09-2025 10:24:01.218 [main] [-] INFO  GOAL-SERVICE-o.a.kafka.common.utils.AppInfoParser.<init> - Kafka commitId: f745dfdcee2b9851
05-09-2025 10:24:01.218 [main] [-] INFO  GOAL-SERVICE-o.a.kafka.common.utils.AppInfoParser.<init> - Kafka startTimeMs: 1757048041215
05-09-2025 10:24:01.600 [kafka-admin-client-thread | GOAL-SERVICE-admin-0] [-] INFO  GOAL-SERVICE-o.a.kafka.common.utils.AppInfoParser.unregisterAppInfo - App info kafka.admin.client for GOAL-SERVICE-admin-0 unregistered
05-09-2025 10:24:01.605 [kafka-admin-client-thread | GOAL-SERVICE-admin-0] [-] INFO  GOAL-SERVICE-o.a.kafka.common.metrics.Metrics.close - Metrics scheduler closed
05-09-2025 10:24:01.606 [kafka-admin-client-thread | GOAL-SERVICE-admin-0] [-] INFO  GOAL-SERVICE-o.a.kafka.common.metrics.Metrics.close - Closing reporter org.apache.kafka.common.metrics.JmxReporter
05-09-2025 10:24:01.606 [kafka-admin-client-thread | GOAL-SERVICE-admin-0] [-] INFO  GOAL-SERVICE-o.a.kafka.common.metrics.Metrics.close - Metrics reporters closed
05-09-2025 10:24:01.624 [main] [-] INFO  GOAL-SERVICE-o.s.c.n.eureka.InstanceInfoFactory.create - Setting initial instance status as: STARTING
05-09-2025 10:24:01.657 [main] [-] INFO  GOAL-SERVICE-c.netflix.discovery.DiscoveryClient.<init> - Initializing Eureka in region us-east-1
05-09-2025 10:24:01.663 [main] [-] INFO  GOAL-SERVICE-c.n.d.s.r.aws.ConfigClusterResolver.getClusterEndpoints - Resolving eureka endpoints via configuration
05-09-2025 10:24:01.676 [main] [-] INFO  GOAL-SERVICE-c.netflix.discovery.DiscoveryClient.fetchRegistry - Disable delta property : false
05-09-2025 10:24:01.677 [main] [-] INFO  GOAL-SERVICE-c.netflix.discovery.DiscoveryClient.fetchRegistry - Single vip registry refresh property : null
05-09-2025 10:24:01.677 [main] [-] INFO  GOAL-SERVICE-c.netflix.discovery.DiscoveryClient.fetchRegistry - Force full registry fetch : false
05-09-2025 10:24:01.677 [main] [-] INFO  GOAL-SERVICE-c.netflix.discovery.DiscoveryClient.fetchRegistry - Application is null : false
05-09-2025 10:24:01.677 [main] [-] INFO  GOAL-SERVICE-c.netflix.discovery.DiscoveryClient.fetchRegistry - Registered Applications size is zero : true
05-09-2025 10:24:01.678 [main] [-] INFO  GOAL-SERVICE-c.netflix.discovery.DiscoveryClient.fetchRegistry - Application version is -1: true
05-09-2025 10:24:01.678 [main] [-] INFO  GOAL-SERVICE-c.netflix.discovery.DiscoveryClient.getAndStoreFullRegistry - Getting all instance registry info from the eureka server
05-09-2025 10:24:01.976 [main] [-] INFO  GOAL-SERVICE-c.netflix.discovery.DiscoveryClient.getAndStoreFullRegistry - The response status is 200
05-09-2025 10:24:01.977 [main] [-] INFO  GOAL-SERVICE-c.netflix.discovery.DiscoveryClient.initScheduledTasks - Starting heartbeat executor: renew interval is: 30
05-09-2025 10:24:01.979 [main] [-] INFO  GOAL-SERVICE-c.n.discovery.InstanceInfoReplicator.<init> - InstanceInfoReplicator onDemand update allowed rate per min is 4
05-09-2025 10:24:01.980 [main] [-] INFO  GOAL-SERVICE-c.netflix.discovery.DiscoveryClient.<init> - Discovery Client initialized at timestamp 1757048041980 with initial instances count: 4
05-09-2025 10:24:01.984 [main] [-] INFO  GOAL-SERVICE-o.s.c.n.e.s.EurekaServiceRegistry.register - Registering application GOAL-SERVICE with eureka with status UP
05-09-2025 10:24:01.984 [main] [-] INFO  GOAL-SERVICE-c.netflix.discovery.DiscoveryClient.notify - Saw local status change event StatusChangeEvent [timestamp=1757048041984, current=UP, previous=STARTING]
05-09-2025 10:24:01.985 [main] [-] INFO  GOAL-SERVICE-o.a.coyote.http11.Http11NioProtocol.log - Starting ProtocolHandler ["http-nio-8085"]
05-09-2025 10:24:01.986 [DiscoveryClient-InstanceInfoReplicator-%d] [-] INFO  GOAL-SERVICE-c.netflix.discovery.DiscoveryClient.register - DiscoveryClient_GOAL-SERVICE/10.150.0.155:GOAL-SERVICE:8085: registering service...
05-09-2025 10:24:01.997 [main] [-] INFO  GOAL-SERVICE-o.s.b.w.e.tomcat.TomcatWebServer.start - Tomcat started on port 8085 (http) with context path '/'
05-09-2025 10:24:01.997 [main] [-] INFO  GOAL-SERVICE-o.s.c.n.e.s.EurekaAutoServiceRegistration.onApplicationEvent - Updating port to 8085
05-09-2025 10:24:02.030 [main] [-] INFO  GOAL-SERVICE-o.a.k.c.consumer.ConsumerConfig.logAll - ConsumerConfig values: 
	allow.auto.create.topics = true
	auto.commit.interval.ms = 5000
	auto.include.jmx.reporter = true
	auto.offset.reset = earliest
	bootstrap.servers = [localhost:9092]
	check.crcs = true
	client.dns.lookup = use_all_dns_ips
	client.id = consumer-group-1-1
	client.rack = 
	connections.max.idle.ms = 540000
	default.api.timeout.ms = 60000
	enable.auto.commit = false
	enable.metrics.push = true
	exclude.internal.topics = true
	fetch.max.bytes = 52428800
	fetch.max.wait.ms = 500
	fetch.min.bytes = 1
	group.id = group-1
	group.instance.id = null
	group.protocol = classic
	group.remote.assignor = null
	heartbeat.interval.ms = 3000
	interceptor.classes = []
	internal.leave.group.on.close = true
	internal.throw.on.fetch.stable.offset.unsupported = false
	isolation.level = read_uncommitted
	key.deserializer = class org.apache.kafka.common.serialization.StringDeserializer
	max.partition.fetch.bytes = 1048576
	max.poll.interval.ms = 300000
	max.poll.records = 500
	metadata.max.age.ms = 300000
	metadata.recovery.strategy = none
	metric.reporters = []
	metrics.num.samples = 2
	metrics.recording.level = INFO
	metrics.sample.window.ms = 30000
	partition.assignment.strategy = [class org.apache.kafka.clients.consumer.RangeAssignor, class org.apache.kafka.clients.consumer.CooperativeStickyAssignor]
	receive.buffer.bytes = 65536
	reconnect.backoff.max.ms = 1000
	reconnect.backoff.ms = 50
	request.timeout.ms = 30000
	retry.backoff.max.ms = 1000
	retry.backoff.ms = 100
	sasl.client.callback.handler.class = null
	sasl.jaas.config = null
	sasl.kerberos.kinit.cmd = /usr/bin/kinit
	sasl.kerberos.min.time.before.relogin = 60000
	sasl.kerberos.service.name = null
	sasl.kerberos.ticket.renew.jitter = 0.05
	sasl.kerberos.ticket.renew.window.factor = 0.8
	sasl.login.callback.handler.class = null
	sasl.login.class = null
	sasl.login.connect.timeout.ms = null
	sasl.login.read.timeout.ms = null
	sasl.login.refresh.buffer.seconds = 300
	sasl.login.refresh.min.period.seconds = 60
	sasl.login.refresh.window.factor = 0.8
	sasl.login.refresh.window.jitter = 0.05
	sasl.login.retry.backoff.max.ms = 10000
	sasl.login.retry.backoff.ms = 100
	sasl.mechanism = GSSAPI
	sasl.oauthbearer.clock.skew.seconds = 30
	sasl.oauthbearer.expected.audience = null
	sasl.oauthbearer.expected.issuer = null
	sasl.oauthbearer.header.urlencode = false
	sasl.oauthbearer.jwks.endpoint.refresh.ms = 3600000
	sasl.oauthbearer.jwks.endpoint.retry.backoff.max.ms = 10000
	sasl.oauthbearer.jwks.endpoint.retry.backoff.ms = 100
	sasl.oauthbearer.jwks.endpoint.url = null
	sasl.oauthbearer.scope.claim.name = scope
	sasl.oauthbearer.sub.claim.name = sub
	sasl.oauthbearer.token.endpoint.url = null
	security.protocol = PLAINTEXT
	security.providers = null
	send.buffer.bytes = 131072
	session.timeout.ms = 45000
	socket.connection.setup.timeout.max.ms = 30000
	socket.connection.setup.timeout.ms = 10000
	ssl.cipher.suites = null
	ssl.enabled.protocols = [TLSv1.2, TLSv1.3]
	ssl.endpoint.identification.algorithm = https
	ssl.engine.factory.class = null
	ssl.key.password = null
	ssl.keymanager.algorithm = SunX509
	ssl.keystore.certificate.chain = null
	ssl.keystore.key = null
	ssl.keystore.location = null
	ssl.keystore.password = null
	ssl.keystore.type = JKS
	ssl.protocol = TLSv1.3
	ssl.provider = null
	ssl.secure.random.implementation = null
	ssl.trustmanager.algorithm = PKIX
	ssl.truststore.certificates = null
	ssl.truststore.location = null
	ssl.truststore.password = null
	ssl.truststore.type = JKS
	value.deserializer = class org.springframework.kafka.support.serializer.ErrorHandlingDeserializer

05-09-2025 10:24:02.032 [DiscoveryClient-InstanceInfoReplicator-%d] [-] INFO  GOAL-SERVICE-c.netflix.discovery.DiscoveryClient.register - DiscoveryClient_GOAL-SERVICE/10.150.0.155:GOAL-SERVICE:8085 - registration status: 204
05-09-2025 10:24:02.066 [main] [-] INFO  GOAL-SERVICE-o.a.k.c.t.i.KafkaMetricsCollector.init - initializing Kafka metrics collector
05-09-2025 10:24:02.107 [main] [-] INFO  GOAL-SERVICE-o.a.kafka.common.utils.AppInfoParser.<init> - Kafka version: 3.9.1
05-09-2025 10:24:02.108 [main] [-] INFO  GOAL-SERVICE-o.a.kafka.common.utils.AppInfoParser.<init> - Kafka commitId: f745dfdcee2b9851
05-09-2025 10:24:02.108 [main] [-] INFO  GOAL-SERVICE-o.a.kafka.common.utils.AppInfoParser.<init> - Kafka startTimeMs: 1757048042107
05-09-2025 10:24:02.109 [main] [-] INFO  GOAL-SERVICE-o.a.k.c.c.i.ClassicKafkaConsumer.subscribeInternal - [Consumer clientId=consumer-group-1-1, groupId=group-1] Subscribed to topic(s): goal-complete-event
05-09-2025 10:24:02.128 [main] [-] INFO  GOAL-SERVICE-c.g.GoalServiceApplication.logStarted - Started GoalServiceApplication in 6.107 seconds (process running for 6.733)
05-09-2025 10:24:02.131 [org.springframework.kafka.KafkaListenerEndpointContainer#0-0-C-1] [-] INFO  GOAL-SERVICE-org.apache.kafka.clients.Metadata.update - [Consumer clientId=consumer-group-1-1, groupId=group-1] Cluster ID: zFYxuZhRRQ2fAt8b7UC71g
05-09-2025 10:24:02.132 [org.springframework.kafka.KafkaListenerEndpointContainer#0-0-C-1] [-] INFO  GOAL-SERVICE-o.a.k.c.c.i.ConsumerCoordinator.onSuccess - [Consumer clientId=consumer-group-1-1, groupId=group-1] Discovered group coordinator localhost:9092 (id: 2147483647 rack: null)
05-09-2025 10:24:02.134 [org.springframework.kafka.KafkaListenerEndpointContainer#0-0-C-1] [-] INFO  GOAL-SERVICE-o.a.k.c.c.i.ConsumerCoordinator.sendJoinGroupRequest - [Consumer clientId=consumer-group-1-1, groupId=group-1] (Re-)joining group
05-09-2025 10:24:02.148 [org.springframework.kafka.KafkaListenerEndpointContainer#0-0-C-1] [-] INFO  GOAL-SERVICE-o.a.k.c.c.i.ConsumerCoordinator.requestRejoin - [Consumer clientId=consumer-group-1-1, groupId=group-1] Request joining group due to: need to re-join with the given member-id: consumer-group-1-1-a011640a-cfca-42cc-a56b-afdb78286d92
05-09-2025 10:24:02.149 [org.springframework.kafka.KafkaListenerEndpointContainer#0-0-C-1] [-] INFO  GOAL-SERVICE-o.a.k.c.c.i.ConsumerCoordinator.sendJoinGroupRequest - [Consumer clientId=consumer-group-1-1, groupId=group-1] (Re-)joining group
05-09-2025 10:24:03.348 [org.springframework.kafka.KafkaListenerEndpointContainer#0-0-C-1] [-] INFO  GOAL-SERVICE-o.a.k.c.c.i.ConsumerCoordinator.handle - [Consumer clientId=consumer-group-1-1, groupId=group-1] Successfully joined group with generation Generation{generationId=25, memberId='consumer-group-1-1-a011640a-cfca-42cc-a56b-afdb78286d92', protocol='range'}
05-09-2025 10:24:03.616 [org.springframework.kafka.KafkaListenerEndpointContainer#0-0-C-1] [-] INFO  GOAL-SERVICE-o.a.k.c.c.i.ConsumerCoordinator.handle - [Consumer clientId=consumer-group-1-1, groupId=group-1] Successfully synced group in generation Generation{generationId=25, memberId='consumer-group-1-1-a011640a-cfca-42cc-a56b-afdb78286d92', protocol='range'}
05-09-2025 10:24:03.620 [org.springframework.kafka.KafkaListenerEndpointContainer#0-0-C-1] [-] INFO  GOAL-SERVICE-o.a.k.c.c.i.ConsumerCoordinator.invokeOnAssignment - [Consumer clientId=consumer-group-1-1, groupId=group-1] Notifying assignor about the new Assignment(partitions=[goal-complete-event-0])
05-09-2025 10:24:03.622 [org.springframework.kafka.KafkaListenerEndpointContainer#0-0-C-1] [-] INFO  GOAL-SERVICE-o.a.k.c.c.i.ConsumerRebalanceListenerInvoker.invokePartitionsAssigned - [Consumer clientId=consumer-group-1-1, groupId=group-1] Adding newly assigned partitions: goal-complete-event-0
05-09-2025 10:24:03.630 [org.springframework.kafka.KafkaListenerEndpointContainer#0-0-C-1] [-] INFO  GOAL-SERVICE-o.a.k.c.c.i.ConsumerCoordinator.handle - [Consumer clientId=consumer-group-1-1, groupId=group-1] Found no committed offset for partition goal-complete-event-0
05-09-2025 10:24:03.642 [org.springframework.kafka.KafkaListenerEndpointContainer#0-0-C-1] [-] INFO  GOAL-SERVICE-o.a.k.c.c.i.SubscriptionState.maybeSeekUnvalidated - [Consumer clientId=consumer-group-1-1, groupId=group-1] Resetting offset for partition goal-complete-event-0 to position FetchPosition{offset=0, offsetEpoch=Optional.empty, currentLeader=LeaderAndEpoch{leader=Optional[localhost:9092 (id: 0 rack: null)], epoch=0}}.
05-09-2025 10:24:03.643 [org.springframework.kafka.KafkaListenerEndpointContainer#0-0-C-1] [-] INFO  GOAL-SERVICE-o.s.k.l.KafkaMessageListenerContainer.info - group-1: partitions assigned: [goal-complete-event-0]
05-09-2025 10:24:09.376 [org.springframework.kafka.KafkaListenerEndpointContainer#0-0-C-1] [-] INFO  GOAL-SERVICE-o.a.k.c.c.i.ConsumerCoordinator.requestRejoin - [Consumer clientId=consumer-group-1-1, groupId=group-1] Request joining group due to: group is already rebalancing
05-09-2025 10:24:09.378 [org.springframework.kafka.KafkaListenerEndpointContainer#0-0-C-1] [-] INFO  GOAL-SERVICE-o.a.k.c.c.i.ConsumerRebalanceListenerInvoker.invokePartitionsRevoked - [Consumer clientId=consumer-group-1-1, groupId=group-1] Revoke previously assigned partitions goal-complete-event-0
05-09-2025 10:24:09.379 [org.springframework.kafka.KafkaListenerEndpointContainer#0-0-C-1] [-] INFO  GOAL-SERVICE-o.s.k.l.KafkaMessageListenerContainer.info - group-1: partitions revoked: [goal-complete-event-0]
05-09-2025 10:24:09.379 [org.springframework.kafka.KafkaListenerEndpointContainer#0-0-C-1] [-] INFO  GOAL-SERVICE-o.a.k.c.c.i.ConsumerCoordinator.sendJoinGroupRequest - [Consumer clientId=consumer-group-1-1, groupId=group-1] (Re-)joining group
05-09-2025 10:24:09.382 [org.springframework.kafka.KafkaListenerEndpointContainer#0-0-C-1] [-] INFO  GOAL-SERVICE-o.a.k.c.c.i.ConsumerCoordinator.handle - [Consumer clientId=consumer-group-1-1, groupId=group-1] Successfully joined group with generation Generation{generationId=26, memberId='consumer-group-1-1-a011640a-cfca-42cc-a56b-afdb78286d92', protocol='range'}
05-09-2025 10:24:09.750 [org.springframework.kafka.KafkaListenerEndpointContainer#0-0-C-1] [-] INFO  GOAL-SERVICE-o.a.k.c.c.i.ConsumerCoordinator.handle - [Consumer clientId=consumer-group-1-1, groupId=group-1] Successfully synced group in generation Generation{generationId=26, memberId='consumer-group-1-1-a011640a-cfca-42cc-a56b-afdb78286d92', protocol='range'}
05-09-2025 10:24:09.751 [org.springframework.kafka.KafkaListenerEndpointContainer#0-0-C-1] [-] INFO  GOAL-SERVICE-o.a.k.c.c.i.ConsumerCoordinator.invokeOnAssignment - [Consumer clientId=consumer-group-1-1, groupId=group-1] Notifying assignor about the new Assignment(partitions=[goal-complete-event-0])
05-09-2025 10:24:09.752 [org.springframework.kafka.KafkaListenerEndpointContainer#0-0-C-1] [-] INFO  GOAL-SERVICE-o.a.k.c.c.i.ConsumerRebalanceListenerInvoker.invokePartitionsAssigned - [Consumer clientId=consumer-group-1-1, groupId=group-1] Adding newly assigned partitions: goal-complete-event-0
05-09-2025 10:24:09.754 [org.springframework.kafka.KafkaListenerEndpointContainer#0-0-C-1] [-] INFO  GOAL-SERVICE-o.a.k.c.c.i.ConsumerCoordinator.handle - [Consumer clientId=consumer-group-1-1, groupId=group-1] Found no committed offset for partition goal-complete-event-0
05-09-2025 10:24:09.775 [org.springframework.kafka.KafkaListenerEndpointContainer#0-0-C-1] [-] INFO  GOAL-SERVICE-o.a.k.c.c.i.SubscriptionState.maybeSeekUnvalidated - [Consumer clientId=consumer-group-1-1, groupId=group-1] Resetting offset for partition goal-complete-event-0 to position FetchPosition{offset=0, offsetEpoch=Optional.empty, currentLeader=LeaderAndEpoch{leader=Optional[localhost:9092 (id: 0 rack: null)], epoch=0}}.
05-09-2025 10:24:09.775 [org.springframework.kafka.KafkaListenerEndpointContainer#0-0-C-1] [-] INFO  GOAL-SERVICE-o.s.k.l.KafkaMessageListenerContainer.info - group-1: partitions assigned: [goal-complete-event-0]
05-09-2025 10:24:12.385 [org.springframework.kafka.KafkaListenerEndpointContainer#0-0-C-1] [-] INFO  GOAL-SERVICE-o.a.k.c.c.i.ConsumerCoordinator.requestRejoin - [Consumer clientId=consumer-group-1-1, groupId=group-1] Request joining group due to: group is already rebalancing
05-09-2025 10:24:12.386 [org.springframework.kafka.KafkaListenerEndpointContainer#0-0-C-1] [-] INFO  GOAL-SERVICE-o.a.k.c.c.i.ConsumerRebalanceListenerInvoker.invokePartitionsRevoked - [Consumer clientId=consumer-group-1-1, groupId=group-1] Revoke previously assigned partitions goal-complete-event-0
05-09-2025 10:24:12.387 [org.springframework.kafka.KafkaListenerEndpointContainer#0-0-C-1] [-] INFO  GOAL-SERVICE-o.s.k.l.KafkaMessageListenerContainer.info - group-1: partitions revoked: [goal-complete-event-0]
05-09-2025 10:24:12.387 [org.springframework.kafka.KafkaListenerEndpointContainer#0-0-C-1] [-] INFO  GOAL-SERVICE-o.a.k.c.c.i.ConsumerCoordinator.sendJoinGroupRequest - [Consumer clientId=consumer-group-1-1, groupId=group-1] (Re-)joining group
05-09-2025 10:24:12.400 [org.springframework.kafka.KafkaListenerEndpointContainer#0-0-C-1] [-] INFO  GOAL-SERVICE-o.a.k.c.c.i.ConsumerCoordinator.handle - [Consumer clientId=consumer-group-1-1, groupId=group-1] Successfully joined group with generation Generation{generationId=27, memberId='consumer-group-1-1-a011640a-cfca-42cc-a56b-afdb78286d92', protocol='range'}
05-09-2025 10:24:12.837 [org.springframework.kafka.KafkaListenerEndpointContainer#0-0-C-1] [-] INFO  GOAL-SERVICE-o.a.k.c.c.i.ConsumerCoordinator.handle - [Consumer clientId=consumer-group-1-1, groupId=group-1] Successfully synced group in generation Generation{generationId=27, memberId='consumer-group-1-1-a011640a-cfca-42cc-a56b-afdb78286d92', protocol='range'}
05-09-2025 10:24:12.837 [org.springframework.kafka.KafkaListenerEndpointContainer#0-0-C-1] [-] INFO  GOAL-SERVICE-o.a.k.c.c.i.ConsumerCoordinator.invokeOnAssignment - [Consumer clientId=consumer-group-1-1, groupId=group-1] Notifying assignor about the new Assignment(partitions=[goal-complete-event-0])
05-09-2025 10:24:12.838 [org.springframework.kafka.KafkaListenerEndpointContainer#0-0-C-1] [-] INFO  GOAL-SERVICE-o.a.k.c.c.i.ConsumerRebalanceListenerInvoker.invokePartitionsAssigned - [Consumer clientId=consumer-group-1-1, groupId=group-1] Adding newly assigned partitions: goal-complete-event-0
05-09-2025 10:24:12.840 [org.springframework.kafka.KafkaListenerEndpointContainer#0-0-C-1] [-] INFO  GOAL-SERVICE-o.a.k.c.c.i.ConsumerCoordinator.handle - [Consumer clientId=consumer-group-1-1, groupId=group-1] Found no committed offset for partition goal-complete-event-0
05-09-2025 10:24:12.849 [org.springframework.kafka.KafkaListenerEndpointContainer#0-0-C-1] [-] INFO  GOAL-SERVICE-o.a.k.c.c.i.SubscriptionState.maybeSeekUnvalidated - [Consumer clientId=consumer-group-1-1, groupId=group-1] Resetting offset for partition goal-complete-event-0 to position FetchPosition{offset=0, offsetEpoch=Optional.empty, currentLeader=LeaderAndEpoch{leader=Optional[localhost:9092 (id: 0 rack: null)], epoch=0}}.
05-09-2025 10:24:12.849 [org.springframework.kafka.KafkaListenerEndpointContainer#0-0-C-1] [-] INFO  GOAL-SERVICE-o.s.k.l.KafkaMessageListenerContainer.info - group-1: partitions assigned: [goal-complete-event-0]
05-09-2025 10:29:01.685 [AsyncResolver-bootstrap-executor-%d] [-] INFO  GOAL-SERVICE-c.n.d.s.r.aws.ConfigClusterResolver.getClusterEndpoints - Resolving eureka endpoints via configuration
05-09-2025 10:34:01.706 [AsyncResolver-bootstrap-executor-%d] [-] INFO  GOAL-SERVICE-c.n.d.s.r.aws.ConfigClusterResolver.getClusterEndpoints - Resolving eureka endpoints via configuration
05-09-2025 10:39:01.709 [AsyncResolver-bootstrap-executor-%d] [-] INFO  GOAL-SERVICE-c.n.d.s.r.aws.ConfigClusterResolver.getClusterEndpoints - Resolving eureka endpoints via configuration
05-09-2025 10:40:01.685 [SpringApplicationShutdownHook] [-] INFO  GOAL-SERVICE-o.s.c.n.e.s.EurekaServiceRegistry.deregister - Unregistering application GOAL-SERVICE with eureka with status DOWN
05-09-2025 10:40:01.685 [SpringApplicationShutdownHook] [-] INFO  GOAL-SERVICE-c.netflix.discovery.DiscoveryClient.notify - Saw local status change event StatusChangeEvent [timestamp=1757049001685, current=DOWN, previous=UP]
05-09-2025 10:40:01.686 [DiscoveryClient-InstanceInfoReplicator-%d] [-] INFO  GOAL-SERVICE-c.netflix.discovery.DiscoveryClient.register - DiscoveryClient_GOAL-SERVICE/10.150.0.155:GOAL-SERVICE:8085: registering service...
05-09-2025 10:40:01.701 [org.springframework.kafka.KafkaListenerEndpointContainer#0-0-C-1] [-] INFO  GOAL-SERVICE-o.a.k.c.c.i.ConsumerRebalanceListenerInvoker.invokePartitionsRevoked - [Consumer clientId=consumer-group-1-1, groupId=group-1] Revoke previously assigned partitions goal-complete-event-0
05-09-2025 10:40:01.701 [org.springframework.kafka.KafkaListenerEndpointContainer#0-0-C-1] [-] INFO  GOAL-SERVICE-o.s.k.l.KafkaMessageListenerContainer.info - group-1: partitions revoked: [goal-complete-event-0]
05-09-2025 10:40:01.702 [org.springframework.kafka.KafkaListenerEndpointContainer#0-0-C-1] [-] INFO  GOAL-SERVICE-o.a.k.c.c.i.ConsumerCoordinator.maybeLeaveGroup - [Consumer clientId=consumer-group-1-1, groupId=group-1] Member consumer-group-1-1-a011640a-cfca-42cc-a56b-afdb78286d92 sending LeaveGroup request to coordinator localhost:9092 (id: 2147483647 rack: null) due to the consumer unsubscribed from all topics
05-09-2025 10:40:01.703 [org.springframework.kafka.KafkaListenerEndpointContainer#0-0-C-1] [-] INFO  GOAL-SERVICE-o.a.k.c.c.i.ConsumerCoordinator.resetStateAndGeneration - [Consumer clientId=consumer-group-1-1, groupId=group-1] Resetting generation and member id due to: consumer pro-actively leaving the group
05-09-2025 10:40:01.703 [org.springframework.kafka.KafkaListenerEndpointContainer#0-0-C-1] [-] INFO  GOAL-SERVICE-o.a.k.c.c.i.ConsumerCoordinator.requestRejoin - [Consumer clientId=consumer-group-1-1, groupId=group-1] Request joining group due to: consumer pro-actively leaving the group
05-09-2025 10:40:01.703 [org.springframework.kafka.KafkaListenerEndpointContainer#0-0-C-1] [-] INFO  GOAL-SERVICE-o.a.k.c.c.i.ClassicKafkaConsumer.unsubscribe - [Consumer clientId=consumer-group-1-1, groupId=group-1] Unsubscribed all topics or patterns and assigned partitions
05-09-2025 10:40:01.706 [org.springframework.kafka.KafkaListenerEndpointContainer#0-0-C-1] [-] INFO  GOAL-SERVICE-o.a.k.c.c.i.ConsumerCoordinator.resetStateAndGeneration - [Consumer clientId=consumer-group-1-1, groupId=group-1] Resetting generation and member id due to: consumer pro-actively leaving the group
05-09-2025 10:40:01.707 [org.springframework.kafka.KafkaListenerEndpointContainer#0-0-C-1] [-] INFO  GOAL-SERVICE-o.a.k.c.c.i.ConsumerCoordinator.requestRejoin - [Consumer clientId=consumer-group-1-1, groupId=group-1] Request joining group due to: consumer pro-actively leaving the group
05-09-2025 10:40:01.708 [DiscoveryClient-InstanceInfoReplicator-%d] [-] INFO  GOAL-SERVICE-c.n.d.s.t.d.RedirectingEurekaHttpClient.execute - Request execution error. endpoint=DefaultEndpoint{ serviceUrl='http://localhost:8761/eureka/} exception=I/O error on POST request for "http://localhost:8761/eureka/apps/GOAL-SERVICE": localhost:8761 failed to respond stacktrace=org.springframework.web.client.ResourceAccessException: I/O error on POST request for "http://localhost:8761/eureka/apps/GOAL-SERVICE": localhost:8761 failed to respond
	at org.springframework.web.client.RestTemplate.createResourceAccessException(RestTemplate.java:926)
	at org.springframework.web.client.RestTemplate.doExecute(RestTemplate.java:906)
	at org.springframework.web.client.RestTemplate.execute(RestTemplate.java:841)
	at org.springframework.web.client.RestTemplate.exchange(RestTemplate.java:702)
	at org.springframework.cloud.netflix.eureka.http.RestTemplateEurekaHttpClient.register(RestTemplateEurekaHttpClient.java:87)
	at com.netflix.discovery.shared.transport.decorator.EurekaHttpClientDecorator$1.execute(EurekaHttpClientDecorator.java:59)
	at com.netflix.discovery.shared.transport.decorator.RedirectingEurekaHttpClient.execute(RedirectingEurekaHttpClient.java:91)
	at com.netflix.discovery.shared.transport.decorator.EurekaHttpClientDecorator.register(EurekaHttpClientDecorator.java:56)
	at com.netflix.discovery.shared.transport.decorator.EurekaHttpClientDecorator$1.execute(EurekaHttpClientDecorator.java:59)
	at com.netflix.discovery.shared.transport.decorator.RetryableEurekaHttpClient.execute(RetryableEurekaHttpClient.java:120)
	at com.netflix.discovery.shared.transport.decorator.EurekaHttpClientDecorator.register(EurekaHttpClientDecorator.java:56)
	at com.netflix.discovery.shared.transport.decorator.EurekaHttpClientDecorator$1.execute(EurekaHttpClientDecorator.java:59)
	at com.netflix.discovery.shared.transport.decorator.SessionedEurekaHttpClient.execute(SessionedEurekaHttpClient.java:76)
	at com.netflix.discovery.shared.transport.decorator.EurekaHttpClientDecorator.register(EurekaHttpClientDecorator.java:56)
	at com.netflix.discovery.DiscoveryClient.register(DiscoveryClient.java:828)
	at com.netflix.discovery.InstanceInfoReplicator.run(InstanceInfoReplicator.java:125)
	at com.netflix.discovery.InstanceInfoReplicator$2.run(InstanceInfoReplicator.java:105)
	at java.base/java.util.concurrent.Executors$RunnableAdapter.call(Executors.java:572)
	at java.base/java.util.concurrent.FutureTask.run(FutureTask.java:317)
	at java.base/java.util.concurrent.ScheduledThreadPoolExecutor$ScheduledFutureTask.run(ScheduledThreadPoolExecutor.java:304)
	at java.base/java.util.concurrent.ThreadPoolExecutor.runWorker(ThreadPoolExecutor.java:1144)
	at java.base/java.util.concurrent.ThreadPoolExecutor$Worker.run(ThreadPoolExecutor.java:642)
	at java.base/java.lang.Thread.run(Thread.java:1583)
Caused by: org.apache.hc.core5.http.NoHttpResponseException: localhost:8761 failed to respond
	at org.apache.hc.core5.http.impl.io.DefaultBHttpClientConnection.receiveResponseHeader(DefaultBHttpClientConnection.java:333)
	at org.apache.hc.core5.http.impl.io.HttpRequestExecutor.execute(HttpRequestExecutor.java:196)
	at org.apache.hc.client5.http.impl.classic.InternalExecRuntime.lambda$execute$0(InternalExecRuntime.java:236)
	at org.apache.hc.client5.http.impl.io.PoolingHttpClientConnectionManager$InternalConnectionEndpoint.execute(PoolingHttpClientConnectionManager.java:791)
	at org.apache.hc.client5.http.impl.classic.InternalExecRuntime.execute(InternalExecRuntime.java:233)
	at org.apache.hc.client5.http.impl.classic.MainClientExec.execute(MainClientExec.java:120)
	at org.apache.hc.client5.http.impl.classic.ExecChainElement.execute(ExecChainElement.java:51)
	at org.apache.hc.client5.http.impl.classic.ConnectExec.execute(ConnectExec.java:200)
	at org.apache.hc.client5.http.impl.classic.ExecChainElement.execute(ExecChainElement.java:51)
	at org.apache.hc.client5.http.impl.classic.ProtocolExec.execute(ProtocolExec.java:195)
	at org.apache.hc.client5.http.impl.classic.ExecChainElement.execute(ExecChainElement.java:51)
	at org.apache.hc.client5.http.impl.classic.ContentCompressionExec.execute(ContentCompressionExec.java:150)
	at org.apache.hc.client5.http.impl.classic.ExecChainElement.execute(ExecChainElement.java:51)
	at org.apache.hc.client5.http.impl.classic.HttpRequestRetryExec.execute(HttpRequestRetryExec.java:113)
	at org.apache.hc.client5.http.impl.classic.ExecChainElement.execute(ExecChainElement.java:51)
	at org.apache.hc.client5.http.impl.classic.RedirectExec.execute(RedirectExec.java:110)
	at org.apache.hc.client5.http.impl.classic.ExecChainElement.execute(ExecChainElement.java:51)
	at org.apache.hc.client5.http.impl.classic.InternalHttpClient.doExecute(InternalHttpClient.java:185)
	at org.apache.hc.client5.http.impl.classic.CloseableHttpClient.execute(CloseableHttpClient.java:87)
	at org.apache.hc.client5.http.impl.classic.CloseableHttpClient.execute(CloseableHttpClient.java:55)
	at org.apache.hc.client5.http.classic.HttpClient.executeOpen(HttpClient.java:183)
	at org.springframework.http.client.HttpComponentsClientHttpRequest.executeInternal(HttpComponentsClientHttpRequest.java:99)
	at org.springframework.http.client.AbstractStreamingClientHttpRequest.executeInternal(AbstractStreamingClientHttpRequest.java:71)
	at org.springframework.http.client.AbstractClientHttpRequest.execute(AbstractClientHttpRequest.java:81)
	at org.springframework.http.client.InterceptingClientHttpRequest$InterceptingRequestExecution.execute(InterceptingClientHttpRequest.java:117)
	at org.springframework.cloud.netflix.eureka.http.RestTemplateTransportClientFactory.lambda$restTemplate$2(RestTemplateTransportClientFactory.java:145)
	at org.springframework.http.client.InterceptingClientHttpRequest$InterceptingRequestExecution.execute(InterceptingClientHttpRequest.java:88)
	at org.springframework.http.client.InterceptingClientHttpRequest.executeInternal(InterceptingClientHttpRequest.java:72)
	at org.springframework.http.client.AbstractBufferingClientHttpRequest.executeInternal(AbstractBufferingClientHttpRequest.java:48)
	at org.springframework.http.client.AbstractClientHttpRequest.execute(AbstractClientHttpRequest.java:81)
	at org.springframework.web.client.RestTemplate.doExecute(RestTemplate.java:900)
	... 21 more

05-09-2025 10:40:01.709 [DiscoveryClient-InstanceInfoReplicator-%d] [-] WARN  GOAL-SERVICE-c.n.d.s.t.d.RetryableEurekaHttpClient.execute - Request execution failed with message: I/O error on POST request for "http://localhost:8761/eureka/apps/GOAL-SERVICE": localhost:8761 failed to respond
05-09-2025 10:40:01.726 [DiscoveryClient-InstanceInfoReplicator-%d] [-] INFO  GOAL-SERVICE-c.n.d.s.t.d.RedirectingEurekaHttpClient.execute - Request execution error. endpoint=DefaultEndpoint{ serviceUrl='http://localhost:8761/eureka/}, exception=I/O error on POST request for "http://localhost:8761/eureka/apps/GOAL-SERVICE": Connect to http://localhost:8761 failed: Connection refused: getsockopt stacktrace=org.springframework.web.client.ResourceAccessException: I/O error on POST request for "http://localhost:8761/eureka/apps/GOAL-SERVICE": Connect to http://localhost:8761 failed: Connection refused: getsockopt
	at org.springframework.web.client.RestTemplate.createResourceAccessException(RestTemplate.java:926)
	at org.springframework.web.client.RestTemplate.doExecute(RestTemplate.java:906)
	at org.springframework.web.client.RestTemplate.execute(RestTemplate.java:841)
	at org.springframework.web.client.RestTemplate.exchange(RestTemplate.java:702)
	at org.springframework.cloud.netflix.eureka.http.RestTemplateEurekaHttpClient.register(RestTemplateEurekaHttpClient.java:87)
	at com.netflix.discovery.shared.transport.decorator.EurekaHttpClientDecorator$1.execute(EurekaHttpClientDecorator.java:59)
	at com.netflix.discovery.shared.transport.decorator.RedirectingEurekaHttpClient.executeOnNewServer(RedirectingEurekaHttpClient.java:121)
	at com.netflix.discovery.shared.transport.decorator.RedirectingEurekaHttpClient.execute(RedirectingEurekaHttpClient.java:80)
	at com.netflix.discovery.shared.transport.decorator.EurekaHttpClientDecorator.register(EurekaHttpClientDecorator.java:56)
	at com.netflix.discovery.shared.transport.decorator.EurekaHttpClientDecorator$1.execute(EurekaHttpClientDecorator.java:59)
	at com.netflix.discovery.shared.transport.decorator.RetryableEurekaHttpClient.execute(RetryableEurekaHttpClient.java:120)
	at com.netflix.discovery.shared.transport.decorator.EurekaHttpClientDecorator.register(EurekaHttpClientDecorator.java:56)
	at com.netflix.discovery.shared.transport.decorator.EurekaHttpClientDecorator$1.execute(EurekaHttpClientDecorator.java:59)
	at com.netflix.discovery.shared.transport.decorator.SessionedEurekaHttpClient.execute(SessionedEurekaHttpClient.java:76)
	at com.netflix.discovery.shared.transport.decorator.EurekaHttpClientDecorator.register(EurekaHttpClientDecorator.java:56)
	at com.netflix.discovery.DiscoveryClient.register(DiscoveryClient.java:828)
	at com.netflix.discovery.InstanceInfoReplicator.run(InstanceInfoReplicator.java:125)
	at com.netflix.discovery.InstanceInfoReplicator$2.run(InstanceInfoReplicator.java:105)
	at java.base/java.util.concurrent.Executors$RunnableAdapter.call(Executors.java:572)
	at java.base/java.util.concurrent.FutureTask.run(FutureTask.java:317)
	at java.base/java.util.concurrent.ScheduledThreadPoolExecutor$ScheduledFutureTask.run(ScheduledThreadPoolExecutor.java:304)
	at java.base/java.util.concurrent.ThreadPoolExecutor.runWorker(ThreadPoolExecutor.java:1144)
	at java.base/java.util.concurrent.ThreadPoolExecutor$Worker.run(ThreadPoolExecutor.java:642)
	at java.base/java.lang.Thread.run(Thread.java:1583)
Caused by: org.apache.hc.client5.http.HttpHostConnectException: Connect to http://localhost:8761 failed: Connection refused: getsockopt
	at java.base/sun.nio.ch.Net.pollConnect(Native Method)
	at java.base/sun.nio.ch.Net.pollConnectNow(Net.java:682)
	at java.base/sun.nio.ch.NioSocketImpl.timedFinishConnect(NioSocketImpl.java:542)
	at java.base/sun.nio.ch.NioSocketImpl.connect(NioSocketImpl.java:592)
	at java.base/java.net.SocksSocketImpl.connect(SocksSocketImpl.java:327)
	at java.base/java.net.Socket.connect(Socket.java:751)
	at org.apache.hc.client5.http.impl.io.DefaultHttpClientConnectionOperator.connect(DefaultHttpClientConnectionOperator.java:205)
	at org.apache.hc.client5.http.impl.io.PoolingHttpClientConnectionManager.connect(PoolingHttpClientConnectionManager.java:490)
	at org.apache.hc.client5.http.impl.classic.InternalExecRuntime.connectEndpoint(InternalExecRuntime.java:164)
	at org.apache.hc.client5.http.impl.classic.InternalExecRuntime.connectEndpoint(InternalExecRuntime.java:174)
	at org.apache.hc.client5.http.impl.classic.ConnectExec.execute(ConnectExec.java:144)
	at org.apache.hc.client5.http.impl.classic.ExecChainElement.execute(ExecChainElement.java:51)
	at org.apache.hc.client5.http.impl.classic.ProtocolExec.execute(ProtocolExec.java:195)
	at org.apache.hc.client5.http.impl.classic.ExecChainElement.execute(ExecChainElement.java:51)
	at org.apache.hc.client5.http.impl.classic.ContentCompressionExec.execute(ContentCompressionExec.java:150)
	at org.apache.hc.client5.http.impl.classic.ExecChainElement.execute(ExecChainElement.java:51)
	at org.apache.hc.client5.http.impl.classic.HttpRequestRetryExec.execute(HttpRequestRetryExec.java:113)
	at org.apache.hc.client5.http.impl.classic.ExecChainElement.execute(ExecChainElement.java:51)
	at org.apache.hc.client5.http.impl.classic.RedirectExec.execute(RedirectExec.java:110)
	at org.apache.hc.client5.http.impl.classic.ExecChainElement.execute(ExecChainElement.java:51)
	at org.apache.hc.client5.http.impl.classic.InternalHttpClient.doExecute(InternalHttpClient.java:185)
	at org.apache.hc.client5.http.impl.classic.CloseableHttpClient.execute(CloseableHttpClient.java:87)
	at org.apache.hc.client5.http.impl.classic.CloseableHttpClient.execute(CloseableHttpClient.java:55)
	at org.apache.hc.client5.http.classic.HttpClient.executeOpen(HttpClient.java:183)
	at org.springframework.http.client.HttpComponentsClientHttpRequest.executeInternal(HttpComponentsClientHttpRequest.java:99)
	at org.springframework.http.client.AbstractStreamingClientHttpRequest.executeInternal(AbstractStreamingClientHttpRequest.java:71)
	at org.springframework.http.client.AbstractClientHttpRequest.execute(AbstractClientHttpRequest.java:81)
	at org.springframework.http.client.InterceptingClientHttpRequest$InterceptingRequestExecution.execute(InterceptingClientHttpRequest.java:117)
	at org.springframework.cloud.netflix.eureka.http.RestTemplateTransportClientFactory.lambda$restTemplate$2(RestTemplateTransportClientFactory.java:145)
	at org.springframework.http.client.InterceptingClientHttpRequest$InterceptingRequestExecution.execute(InterceptingClientHttpRequest.java:88)
	at org.springframework.http.client.InterceptingClientHttpRequest.executeInternal(InterceptingClientHttpRequest.java:72)
	at org.springframework.http.client.AbstractBufferingClientHttpRequest.executeInternal(AbstractBufferingClientHttpRequest.java:48)
	at org.springframework.http.client.AbstractClientHttpRequest.execute(AbstractClientHttpRequest.java:81)
	at org.springframework.web.client.RestTemplate.doExecute(RestTemplate.java:900)
	... 22 more

05-09-2025 10:40:01.726 [DiscoveryClient-InstanceInfoReplicator-%d] [-] WARN  GOAL-SERVICE-c.n.d.s.t.d.RetryableEurekaHttpClient.execute - Request execution failed with message: I/O error on POST request for "http://localhost:8761/eureka/apps/GOAL-SERVICE": Connect to http://localhost:8761 failed: Connection refused: getsockopt
05-09-2025 10:40:01.726 [DiscoveryClient-InstanceInfoReplicator-%d] [-] WARN  GOAL-SERVICE-c.netflix.discovery.DiscoveryClient.register - DiscoveryClient_GOAL-SERVICE/10.150.0.155:GOAL-SERVICE:8085 - registration failed Cannot execute request on any known server
com.netflix.discovery.shared.transport.TransportException: Cannot execute request on any known server
	at com.netflix.discovery.shared.transport.decorator.RetryableEurekaHttpClient.execute(RetryableEurekaHttpClient.java:112)
	at com.netflix.discovery.shared.transport.decorator.EurekaHttpClientDecorator.register(EurekaHttpClientDecorator.java:56)
	at com.netflix.discovery.shared.transport.decorator.EurekaHttpClientDecorator$1.execute(EurekaHttpClientDecorator.java:59)
	at com.netflix.discovery.shared.transport.decorator.SessionedEurekaHttpClient.execute(SessionedEurekaHttpClient.java:76)
	at com.netflix.discovery.shared.transport.decorator.EurekaHttpClientDecorator.register(EurekaHttpClientDecorator.java:56)
	at com.netflix.discovery.DiscoveryClient.register(DiscoveryClient.java:828)
	at com.netflix.discovery.InstanceInfoReplicator.run(InstanceInfoReplicator.java:125)
	at com.netflix.discovery.InstanceInfoReplicator$2.run(InstanceInfoReplicator.java:105)
	at java.base/java.util.concurrent.Executors$RunnableAdapter.call(Executors.java:572)
	at java.base/java.util.concurrent.FutureTask.run(FutureTask.java:317)
	at java.base/java.util.concurrent.ScheduledThreadPoolExecutor$ScheduledFutureTask.run(ScheduledThreadPoolExecutor.java:304)
	at java.base/java.util.concurrent.ThreadPoolExecutor.runWorker(ThreadPoolExecutor.java:1144)
	at java.base/java.util.concurrent.ThreadPoolExecutor$Worker.run(ThreadPoolExecutor.java:642)
	at java.base/java.lang.Thread.run(Thread.java:1583)
05-09-2025 10:40:01.731 [DiscoveryClient-InstanceInfoReplicator-%d] [-] WARN  GOAL-SERVICE-c.n.discovery.InstanceInfoReplicator.run - There was a problem with the instance info replicator
com.netflix.discovery.shared.transport.TransportException: Cannot execute request on any known server
	at com.netflix.discovery.shared.transport.decorator.RetryableEurekaHttpClient.execute(RetryableEurekaHttpClient.java:112)
	at com.netflix.discovery.shared.transport.decorator.EurekaHttpClientDecorator.register(EurekaHttpClientDecorator.java:56)
	at com.netflix.discovery.shared.transport.decorator.EurekaHttpClientDecorator$1.execute(EurekaHttpClientDecorator.java:59)
	at com.netflix.discovery.shared.transport.decorator.SessionedEurekaHttpClient.execute(SessionedEurekaHttpClient.java:76)
	at com.netflix.discovery.shared.transport.decorator.EurekaHttpClientDecorator.register(EurekaHttpClientDecorator.java:56)
	at com.netflix.discovery.DiscoveryClient.register(DiscoveryClient.java:828)
	at com.netflix.discovery.InstanceInfoReplicator.run(InstanceInfoReplicator.java:125)
	at com.netflix.discovery.InstanceInfoReplicator$2.run(InstanceInfoReplicator.java:105)
	at java.base/java.util.concurrent.Executors$RunnableAdapter.call(Executors.java:572)
	at java.base/java.util.concurrent.FutureTask.run(FutureTask.java:317)
	at java.base/java.util.concurrent.ScheduledThreadPoolExecutor$ScheduledFutureTask.run(ScheduledThreadPoolExecutor.java:304)
	at java.base/java.util.concurrent.ThreadPoolExecutor.runWorker(ThreadPoolExecutor.java:1144)
	at java.base/java.util.concurrent.ThreadPoolExecutor$Worker.run(ThreadPoolExecutor.java:642)
	at java.base/java.lang.Thread.run(Thread.java:1583)
05-09-2025 10:40:01.824 [org.springframework.kafka.KafkaListenerEndpointContainer#0-0-C-1] [-] INFO  GOAL-SERVICE-o.a.kafka.common.metrics.Metrics.close - Metrics scheduler closed
05-09-2025 10:40:01.824 [org.springframework.kafka.KafkaListenerEndpointContainer#0-0-C-1] [-] INFO  GOAL-SERVICE-o.a.kafka.common.metrics.Metrics.close - Closing reporter org.apache.kafka.common.metrics.JmxReporter
05-09-2025 10:40:01.825 [org.springframework.kafka.KafkaListenerEndpointContainer#0-0-C-1] [-] INFO  GOAL-SERVICE-o.a.kafka.common.metrics.Metrics.close - Closing reporter org.apache.kafka.common.telemetry.internals.ClientTelemetryReporter
05-09-2025 10:40:01.825 [org.springframework.kafka.KafkaListenerEndpointContainer#0-0-C-1] [-] INFO  GOAL-SERVICE-o.a.kafka.common.metrics.Metrics.close - Metrics reporters closed
05-09-2025 10:40:01.834 [org.springframework.kafka.KafkaListenerEndpointContainer#0-0-C-1] [-] INFO  GOAL-SERVICE-o.a.kafka.common.utils.AppInfoParser.unregisterAppInfo - App info kafka.consumer for consumer-group-1-1 unregistered
05-09-2025 10:40:01.835 [org.springframework.kafka.KafkaListenerEndpointContainer#0-0-C-1] [-] INFO  GOAL-SERVICE-o.s.k.l.KafkaMessageListenerContainer.info - group-1: Consumer stopped
05-09-2025 10:40:01.842 [SpringApplicationShutdownHook] [-] INFO  GOAL-SERVICE-o.s.b.w.e.tomcat.GracefulShutdown.shutDownGracefully - Commencing graceful shutdown. Waiting for active requests to complete
05-09-2025 10:40:01.863 [tomcat-shutdown] [-] INFO  GOAL-SERVICE-o.s.b.w.e.tomcat.GracefulShutdown.doShutdown - Graceful shutdown complete
05-09-2025 10:40:01.895 [SpringApplicationShutdownHook] [-] INFO  GOAL-SERVICE-c.netflix.discovery.DiscoveryClient.shutdown - Shutting down DiscoveryClient ...
05-09-2025 10:40:02.840 [DiscoveryClient-HeartbeatExecutor-%d] [-] INFO  GOAL-SERVICE-c.n.d.s.t.d.RedirectingEurekaHttpClient.execute - Request execution error. endpoint=DefaultEndpoint{ serviceUrl='http://localhost:8761/eureka/}, exception=I/O error on PUT request for "http://localhost:8761/eureka/apps/GOAL-SERVICE/10.150.0.155:GOAL-SERVICE:8085": Connect to http://localhost:8761 failed: Connection refused: getsockopt stacktrace=org.springframework.web.client.ResourceAccessException: I/O error on PUT request for "http://localhost:8761/eureka/apps/GOAL-SERVICE/10.150.0.155:GOAL-SERVICE:8085": Connect to http://localhost:8761 failed: Connection refused: getsockopt
	at org.springframework.web.client.RestTemplate.createResourceAccessException(RestTemplate.java:926)
	at org.springframework.web.client.RestTemplate.doExecute(RestTemplate.java:906)
	at org.springframework.web.client.RestTemplate.execute(RestTemplate.java:841)
	at org.springframework.web.client.RestTemplate.exchange(RestTemplate.java:702)
	at org.springframework.cloud.netflix.eureka.http.RestTemplateEurekaHttpClient.sendHeartBeat(RestTemplateEurekaHttpClient.java:119)
	at com.netflix.discovery.shared.transport.decorator.EurekaHttpClientDecorator$3.execute(EurekaHttpClientDecorator.java:92)
	at com.netflix.discovery.shared.transport.decorator.RedirectingEurekaHttpClient.executeOnNewServer(RedirectingEurekaHttpClient.java:121)
	at com.netflix.discovery.shared.transport.decorator.RedirectingEurekaHttpClient.execute(RedirectingEurekaHttpClient.java:80)
	at com.netflix.discovery.shared.transport.decorator.EurekaHttpClientDecorator.sendHeartBeat(EurekaHttpClientDecorator.java:89)
	at com.netflix.discovery.shared.transport.decorator.EurekaHttpClientDecorator$3.execute(EurekaHttpClientDecorator.java:92)
	at com.netflix.discovery.shared.transport.decorator.RetryableEurekaHttpClient.execute(RetryableEurekaHttpClient.java:120)
	at com.netflix.discovery.shared.transport.decorator.EurekaHttpClientDecorator.sendHeartBeat(EurekaHttpClientDecorator.java:89)
	at com.netflix.discovery.shared.transport.decorator.EurekaHttpClientDecorator$3.execute(EurekaHttpClientDecorator.java:92)
	at com.netflix.discovery.shared.transport.decorator.SessionedEurekaHttpClient.execute(SessionedEurekaHttpClient.java:76)
	at com.netflix.discovery.shared.transport.decorator.EurekaHttpClientDecorator.sendHeartBeat(EurekaHttpClientDecorator.java:89)
	at com.netflix.discovery.DiscoveryClient.renew(DiscoveryClient.java:845)
	at com.netflix.discovery.DiscoveryClient$HeartbeatThread.run(DiscoveryClient.java:1402)
	at java.base/java.util.concurrent.Executors$RunnableAdapter.call(Executors.java:572)
	at java.base/java.util.concurrent.FutureTask.run(FutureTask.java:317)
	at java.base/java.util.concurrent.ThreadPoolExecutor.runWorker(ThreadPoolExecutor.java:1144)
	at java.base/java.util.concurrent.ThreadPoolExecutor$Worker.run(ThreadPoolExecutor.java:642)
	at java.base/java.lang.Thread.run(Thread.java:1583)
Caused by: org.apache.hc.client5.http.HttpHostConnectException: Connect to http://localhost:8761 failed: Connection refused: getsockopt
	at java.base/sun.nio.ch.Net.pollConnect(Native Method)
	at java.base/sun.nio.ch.Net.pollConnectNow(Net.java:682)
	at java.base/sun.nio.ch.NioSocketImpl.timedFinishConnect(NioSocketImpl.java:542)
	at java.base/sun.nio.ch.NioSocketImpl.connect(NioSocketImpl.java:592)
	at java.base/java.net.SocksSocketImpl.connect(SocksSocketImpl.java:327)
	at java.base/java.net.Socket.connect(Socket.java:751)
	at org.apache.hc.client5.http.impl.io.DefaultHttpClientConnectionOperator.connect(DefaultHttpClientConnectionOperator.java:205)
	at org.apache.hc.client5.http.impl.io.PoolingHttpClientConnectionManager.connect(PoolingHttpClientConnectionManager.java:490)
	at org.apache.hc.client5.http.impl.classic.InternalExecRuntime.connectEndpoint(InternalExecRuntime.java:164)
	at org.apache.hc.client5.http.impl.classic.InternalExecRuntime.connectEndpoint(InternalExecRuntime.java:174)
	at org.apache.hc.client5.http.impl.classic.ConnectExec.execute(ConnectExec.java:144)
	at org.apache.hc.client5.http.impl.classic.ExecChainElement.execute(ExecChainElement.java:51)
	at org.apache.hc.client5.http.impl.classic.ProtocolExec.execute(ProtocolExec.java:195)
	at org.apache.hc.client5.http.impl.classic.ExecChainElement.execute(ExecChainElement.java:51)
	at org.apache.hc.client5.http.impl.classic.ContentCompressionExec.execute(ContentCompressionExec.java:150)
	at org.apache.hc.client5.http.impl.classic.ExecChainElement.execute(ExecChainElement.java:51)
	at org.apache.hc.client5.http.impl.classic.HttpRequestRetryExec.execute(HttpRequestRetryExec.java:113)
	at org.apache.hc.client5.http.impl.classic.ExecChainElement.execute(ExecChainElement.java:51)
	at org.apache.hc.client5.http.impl.classic.RedirectExec.execute(RedirectExec.java:110)
	at org.apache.hc.client5.http.impl.classic.ExecChainElement.execute(ExecChainElement.java:51)
	at org.apache.hc.client5.http.impl.classic.InternalHttpClient.doExecute(InternalHttpClient.java:185)
	at org.apache.hc.client5.http.impl.classic.CloseableHttpClient.execute(CloseableHttpClient.java:87)
	at org.apache.hc.client5.http.impl.classic.CloseableHttpClient.execute(CloseableHttpClient.java:55)
	at org.apache.hc.client5.http.classic.HttpClient.executeOpen(HttpClient.java:183)
	at org.springframework.http.client.HttpComponentsClientHttpRequest.executeInternal(HttpComponentsClientHttpRequest.java:99)
	at org.springframework.http.client.AbstractStreamingClientHttpRequest.executeInternal(AbstractStreamingClientHttpRequest.java:71)
	at org.springframework.http.client.AbstractClientHttpRequest.execute(AbstractClientHttpRequest.java:81)
	at org.springframework.http.client.InterceptingClientHttpRequest$InterceptingRequestExecution.execute(InterceptingClientHttpRequest.java:117)
	at org.springframework.cloud.netflix.eureka.http.RestTemplateTransportClientFactory.lambda$restTemplate$2(RestTemplateTransportClientFactory.java:145)
	at org.springframework.http.client.InterceptingClientHttpRequest$InterceptingRequestExecution.execute(InterceptingClientHttpRequest.java:88)
	at org.springframework.http.client.InterceptingClientHttpRequest.executeInternal(InterceptingClientHttpRequest.java:72)
	at org.springframework.http.client.AbstractBufferingClientHttpRequest.executeInternal(AbstractBufferingClientHttpRequest.java:48)
	at org.springframework.http.client.AbstractClientHttpRequest.execute(AbstractClientHttpRequest.java:81)
	at org.springframework.web.client.RestTemplate.doExecute(RestTemplate.java:900)
	... 20 more

05-09-2025 10:40:02.841 [DiscoveryClient-HeartbeatExecutor-%d] [-] WARN  GOAL-SERVICE-c.n.d.s.t.d.RetryableEurekaHttpClient.execute - Request execution failed with message: I/O error on PUT request for "http://localhost:8761/eureka/apps/GOAL-SERVICE/10.150.0.155:GOAL-SERVICE:8085": Connect to http://localhost:8761 failed: Connection refused: getsockopt
05-09-2025 10:40:02.841 [DiscoveryClient-HeartbeatExecutor-%d] [-] ERROR GOAL-SERVICE-c.netflix.discovery.DiscoveryClient.renew - DiscoveryClient_GOAL-SERVICE/10.150.0.155:GOAL-SERVICE:8085 - was unable to send heartbeat!
com.netflix.discovery.shared.transport.TransportException: Cannot execute request on any known server
	at com.netflix.discovery.shared.transport.decorator.RetryableEurekaHttpClient.execute(RetryableEurekaHttpClient.java:112)
	at com.netflix.discovery.shared.transport.decorator.EurekaHttpClientDecorator.sendHeartBeat(EurekaHttpClientDecorator.java:89)
	at com.netflix.discovery.shared.transport.decorator.EurekaHttpClientDecorator$3.execute(EurekaHttpClientDecorator.java:92)
	at com.netflix.discovery.shared.transport.decorator.SessionedEurekaHttpClient.execute(SessionedEurekaHttpClient.java:76)
	at com.netflix.discovery.shared.transport.decorator.EurekaHttpClientDecorator.sendHeartBeat(EurekaHttpClientDecorator.java:89)
	at com.netflix.discovery.DiscoveryClient.renew(DiscoveryClient.java:845)
	at com.netflix.discovery.DiscoveryClient$HeartbeatThread.run(DiscoveryClient.java:1402)
	at java.base/java.util.concurrent.Executors$RunnableAdapter.call(Executors.java:572)
	at java.base/java.util.concurrent.FutureTask.run(FutureTask.java:317)
	at java.base/java.util.concurrent.ThreadPoolExecutor.runWorker(ThreadPoolExecutor.java:1144)
	at java.base/java.util.concurrent.ThreadPoolExecutor$Worker.run(ThreadPoolExecutor.java:642)
	at java.base/java.lang.Thread.run(Thread.java:1583)
05-09-2025 10:40:02.939 [DiscoveryClient-CacheRefreshExecutor-%d] [-] INFO  GOAL-SERVICE-c.n.d.s.t.d.RedirectingEurekaHttpClient.execute - Request execution error. endpoint=DefaultEndpoint{ serviceUrl='http://localhost:8761/eureka/} exception=I/O error on GET request for "http://localhost:8761/eureka/apps/delta": Connect to http://localhost:8761 failed: Connection refused: getsockopt stacktrace=org.springframework.web.client.ResourceAccessException: I/O error on GET request for "http://localhost:8761/eureka/apps/delta": Connect to http://localhost:8761 failed: Connection refused: getsockopt
	at org.springframework.web.client.RestTemplate.createResourceAccessException(RestTemplate.java:926)
	at org.springframework.web.client.RestTemplate.doExecute(RestTemplate.java:906)
	at org.springframework.web.client.RestTemplate.execute(RestTemplate.java:841)
	at org.springframework.web.client.RestTemplate.exchange(RestTemplate.java:702)
	at org.springframework.cloud.netflix.eureka.http.RestTemplateEurekaHttpClient.getApplicationsInternal(RestTemplateEurekaHttpClient.java:174)
	at org.springframework.cloud.netflix.eureka.http.RestTemplateEurekaHttpClient.getDelta(RestTemplateEurekaHttpClient.java:186)
	at com.netflix.discovery.shared.transport.decorator.EurekaHttpClientDecorator$7.execute(EurekaHttpClientDecorator.java:152)
	at com.netflix.discovery.shared.transport.decorator.RedirectingEurekaHttpClient.execute(RedirectingEurekaHttpClient.java:91)
	at com.netflix.discovery.shared.transport.decorator.EurekaHttpClientDecorator.getDelta(EurekaHttpClientDecorator.java:149)
	at com.netflix.discovery.shared.transport.decorator.EurekaHttpClientDecorator$7.execute(EurekaHttpClientDecorator.java:152)
	at com.netflix.discovery.shared.transport.decorator.RetryableEurekaHttpClient.execute(RetryableEurekaHttpClient.java:120)
	at com.netflix.discovery.shared.transport.decorator.EurekaHttpClientDecorator.getDelta(EurekaHttpClientDecorator.java:149)
	at com.netflix.discovery.shared.transport.decorator.EurekaHttpClientDecorator$7.execute(EurekaHttpClientDecorator.java:152)
	at com.netflix.discovery.shared.transport.decorator.SessionedEurekaHttpClient.execute(SessionedEurekaHttpClient.java:76)
	at com.netflix.discovery.shared.transport.decorator.EurekaHttpClientDecorator.getDelta(EurekaHttpClientDecorator.java:149)
	at com.netflix.discovery.DiscoveryClient.getAndUpdateDelta(DiscoveryClient.java:1080)
	at com.netflix.discovery.DiscoveryClient.fetchRegistry(DiscoveryClient.java:963)
	at com.netflix.discovery.DiscoveryClient.refreshRegistry(DiscoveryClient.java:1473)
	at com.netflix.discovery.DiscoveryClient$CacheRefreshThread.run(DiscoveryClient.java:1441)
	at java.base/java.util.concurrent.Executors$RunnableAdapter.call(Executors.java:572)
	at java.base/java.util.concurrent.FutureTask.run(FutureTask.java:317)
	at java.base/java.util.concurrent.ThreadPoolExecutor.runWorker(ThreadPoolExecutor.java:1144)
	at java.base/java.util.concurrent.ThreadPoolExecutor$Worker.run(ThreadPoolExecutor.java:642)
	at java.base/java.lang.Thread.run(Thread.java:1583)
Caused by: org.apache.hc.client5.http.HttpHostConnectException: Connect to http://localhost:8761 failed: Connection refused: getsockopt
	at java.base/sun.nio.ch.Net.pollConnect(Native Method)
	at java.base/sun.nio.ch.Net.pollConnectNow(Net.java:682)
	at java.base/sun.nio.ch.NioSocketImpl.timedFinishConnect(NioSocketImpl.java:542)
	at java.base/sun.nio.ch.NioSocketImpl.connect(NioSocketImpl.java:592)
	at java.base/java.net.SocksSocketImpl.connect(SocksSocketImpl.java:327)
	at java.base/java.net.Socket.connect(Socket.java:751)
	at org.apache.hc.client5.http.impl.io.DefaultHttpClientConnectionOperator.connect(DefaultHttpClientConnectionOperator.java:205)
	at org.apache.hc.client5.http.impl.io.PoolingHttpClientConnectionManager.connect(PoolingHttpClientConnectionManager.java:490)
	at org.apache.hc.client5.http.impl.classic.InternalExecRuntime.connectEndpoint(InternalExecRuntime.java:164)
	at org.apache.hc.client5.http.impl.classic.InternalExecRuntime.connectEndpoint(InternalExecRuntime.java:174)
	at org.apache.hc.client5.http.impl.classic.ConnectExec.execute(ConnectExec.java:144)
	at org.apache.hc.client5.http.impl.classic.ExecChainElement.execute(ExecChainElement.java:51)
	at org.apache.hc.client5.http.impl.classic.ProtocolExec.execute(ProtocolExec.java:195)
	at org.apache.hc.client5.http.impl.classic.ExecChainElement.execute(ExecChainElement.java:51)
	at org.apache.hc.client5.http.impl.classic.ContentCompressionExec.execute(ContentCompressionExec.java:150)
	at org.apache.hc.client5.http.impl.classic.ExecChainElement.execute(ExecChainElement.java:51)
	at org.apache.hc.client5.http.impl.classic.HttpRequestRetryExec.execute(HttpRequestRetryExec.java:113)
	at org.apache.hc.client5.http.impl.classic.ExecChainElement.execute(ExecChainElement.java:51)
	at org.apache.hc.client5.http.impl.classic.RedirectExec.execute(RedirectExec.java:110)
	at org.apache.hc.client5.http.impl.classic.ExecChainElement.execute(ExecChainElement.java:51)
	at org.apache.hc.client5.http.impl.classic.InternalHttpClient.doExecute(InternalHttpClient.java:185)
	at org.apache.hc.client5.http.impl.classic.CloseableHttpClient.execute(CloseableHttpClient.java:87)
	at org.apache.hc.client5.http.impl.classic.CloseableHttpClient.execute(CloseableHttpClient.java:55)
	at org.apache.hc.client5.http.classic.HttpClient.executeOpen(HttpClient.java:183)
	at org.springframework.http.client.HttpComponentsClientHttpRequest.executeInternal(HttpComponentsClientHttpRequest.java:99)
	at org.springframework.http.client.AbstractStreamingClientHttpRequest.executeInternal(AbstractStreamingClientHttpRequest.java:71)
	at org.springframework.http.client.AbstractClientHttpRequest.execute(AbstractClientHttpRequest.java:81)
	at org.springframework.http.client.InterceptingClientHttpRequest$InterceptingRequestExecution.execute(InterceptingClientHttpRequest.java:117)
	at org.springframework.cloud.netflix.eureka.http.RestTemplateTransportClientFactory.lambda$restTemplate$2(RestTemplateTransportClientFactory.java:145)
	at org.springframework.http.client.InterceptingClientHttpRequest$InterceptingRequestExecution.execute(InterceptingClientHttpRequest.java:88)
	at org.springframework.http.client.InterceptingClientHttpRequest.executeInternal(InterceptingClientHttpRequest.java:72)
	at org.springframework.http.client.AbstractBufferingClientHttpRequest.executeInternal(AbstractBufferingClientHttpRequest.java:48)
	at org.springframework.http.client.AbstractClientHttpRequest.execute(AbstractClientHttpRequest.java:81)
	at org.springframework.web.client.RestTemplate.doExecute(RestTemplate.java:900)
	... 22 more

05-09-2025 10:40:02.940 [DiscoveryClient-CacheRefreshExecutor-%d] [-] WARN  GOAL-SERVICE-c.n.d.s.t.d.RetryableEurekaHttpClient.execute - Request execution failed with message: I/O error on GET request for "http://localhost:8761/eureka/apps/delta": Connect to http://localhost:8761 failed: Connection refused: getsockopt
05-09-2025 10:40:02.985 [DiscoveryClient-CacheRefreshExecutor-%d] [-] INFO  GOAL-SERVICE-c.n.d.s.t.d.RedirectingEurekaHttpClient.execute - Request execution error. endpoint=DefaultEndpoint{ serviceUrl='http://localhost:8761/eureka/}, exception=I/O error on GET request for "http://localhost:8761/eureka/apps/delta": Connect to http://localhost:8761 failed: Connection refused: getsockopt stacktrace=org.springframework.web.client.ResourceAccessException: I/O error on GET request for "http://localhost:8761/eureka/apps/delta": Connect to http://localhost:8761 failed: Connection refused: getsockopt
	at org.springframework.web.client.RestTemplate.createResourceAccessException(RestTemplate.java:926)
	at org.springframework.web.client.RestTemplate.doExecute(RestTemplate.java:906)
	at org.springframework.web.client.RestTemplate.execute(RestTemplate.java:841)
	at org.springframework.web.client.RestTemplate.exchange(RestTemplate.java:702)
	at org.springframework.cloud.netflix.eureka.http.RestTemplateEurekaHttpClient.getApplicationsInternal(RestTemplateEurekaHttpClient.java:174)
	at org.springframework.cloud.netflix.eureka.http.RestTemplateEurekaHttpClient.getDelta(RestTemplateEurekaHttpClient.java:186)
	at com.netflix.discovery.shared.transport.decorator.EurekaHttpClientDecorator$7.execute(EurekaHttpClientDecorator.java:152)
	at com.netflix.discovery.shared.transport.decorator.RedirectingEurekaHttpClient.executeOnNewServer(RedirectingEurekaHttpClient.java:121)
	at com.netflix.discovery.shared.transport.decorator.RedirectingEurekaHttpClient.execute(RedirectingEurekaHttpClient.java:80)
	at com.netflix.discovery.shared.transport.decorator.EurekaHttpClientDecorator.getDelta(EurekaHttpClientDecorator.java:149)
	at com.netflix.discovery.shared.transport.decorator.EurekaHttpClientDecorator$7.execute(EurekaHttpClientDecorator.java:152)
	at com.netflix.discovery.shared.transport.decorator.RetryableEurekaHttpClient.execute(RetryableEurekaHttpClient.java:120)
	at com.netflix.discovery.shared.transport.decorator.EurekaHttpClientDecorator.getDelta(EurekaHttpClientDecorator.java:149)
	at com.netflix.discovery.shared.transport.decorator.EurekaHttpClientDecorator$7.execute(EurekaHttpClientDecorator.java:152)
	at com.netflix.discovery.shared.transport.decorator.SessionedEurekaHttpClient.execute(SessionedEurekaHttpClient.java:76)
	at com.netflix.discovery.shared.transport.decorator.EurekaHttpClientDecorator.getDelta(EurekaHttpClientDecorator.java:149)
	at com.netflix.discovery.DiscoveryClient.getAndUpdateDelta(DiscoveryClient.java:1080)
	at com.netflix.discovery.DiscoveryClient.fetchRegistry(DiscoveryClient.java:963)
	at com.netflix.discovery.DiscoveryClient.refreshRegistry(DiscoveryClient.java:1473)
	at com.netflix.discovery.DiscoveryClient$CacheRefreshThread.run(DiscoveryClient.java:1441)
	at java.base/java.util.concurrent.Executors$RunnableAdapter.call(Executors.java:572)
	at java.base/java.util.concurrent.FutureTask.run(FutureTask.java:317)
	at java.base/java.util.concurrent.ThreadPoolExecutor.runWorker(ThreadPoolExecutor.java:1144)
	at java.base/java.util.concurrent.ThreadPoolExecutor$Worker.run(ThreadPoolExecutor.java:642)
	at java.base/java.lang.Thread.run(Thread.java:1583)
Caused by: org.apache.hc.client5.http.HttpHostConnectException: Connect to http://localhost:8761 failed: Connection refused: getsockopt
	at java.base/sun.nio.ch.Net.pollConnect(Native Method)
	at java.base/sun.nio.ch.Net.pollConnectNow(Net.java:682)
	at java.base/sun.nio.ch.NioSocketImpl.timedFinishConnect(NioSocketImpl.java:542)
	at java.base/sun.nio.ch.NioSocketImpl.connect(NioSocketImpl.java:592)
	at java.base/java.net.SocksSocketImpl.connect(SocksSocketImpl.java:327)
	at java.base/java.net.Socket.connect(Socket.java:751)
	at org.apache.hc.client5.http.impl.io.DefaultHttpClientConnectionOperator.connect(DefaultHttpClientConnectionOperator.java:205)
	at org.apache.hc.client5.http.impl.io.PoolingHttpClientConnectionManager.connect(PoolingHttpClientConnectionManager.java:490)
	at org.apache.hc.client5.http.impl.classic.InternalExecRuntime.connectEndpoint(InternalExecRuntime.java:164)
	at org.apache.hc.client5.http.impl.classic.InternalExecRuntime.connectEndpoint(InternalExecRuntime.java:174)
	at org.apache.hc.client5.http.impl.classic.ConnectExec.execute(ConnectExec.java:144)
	at org.apache.hc.client5.http.impl.classic.ExecChainElement.execute(ExecChainElement.java:51)
	at org.apache.hc.client5.http.impl.classic.ProtocolExec.execute(ProtocolExec.java:195)
	at org.apache.hc.client5.http.impl.classic.ExecChainElement.execute(ExecChainElement.java:51)
	at org.apache.hc.client5.http.impl.classic.ContentCompressionExec.execute(ContentCompressionExec.java:150)
	at org.apache.hc.client5.http.impl.classic.ExecChainElement.execute(ExecChainElement.java:51)
	at org.apache.hc.client5.http.impl.classic.HttpRequestRetryExec.execute(HttpRequestRetryExec.java:113)
	at org.apache.hc.client5.http.impl.classic.ExecChainElement.execute(ExecChainElement.java:51)
	at org.apache.hc.client5.http.impl.classic.RedirectExec.execute(RedirectExec.java:110)
	at org.apache.hc.client5.http.impl.classic.ExecChainElement.execute(ExecChainElement.java:51)
	at org.apache.hc.client5.http.impl.classic.InternalHttpClient.doExecute(InternalHttpClient.java:185)
	at org.apache.hc.client5.http.impl.classic.CloseableHttpClient.execute(CloseableHttpClient.java:87)
	at org.apache.hc.client5.http.impl.classic.CloseableHttpClient.execute(CloseableHttpClient.java:55)
	at org.apache.hc.client5.http.classic.HttpClient.executeOpen(HttpClient.java:183)
	at org.springframework.http.client.HttpComponentsClientHttpRequest.executeInternal(HttpComponentsClientHttpRequest.java:99)
	at org.springframework.http.client.AbstractStreamingClientHttpRequest.executeInternal(AbstractStreamingClientHttpRequest.java:71)
	at org.springframework.http.client.AbstractClientHttpRequest.execute(AbstractClientHttpRequest.java:81)
	at org.springframework.http.client.InterceptingClientHttpRequest$InterceptingRequestExecution.execute(InterceptingClientHttpRequest.java:117)
	at org.springframework.cloud.netflix.eureka.http.RestTemplateTransportClientFactory.lambda$restTemplate$2(RestTemplateTransportClientFactory.java:145)
	at org.springframework.http.client.InterceptingClientHttpRequest$InterceptingRequestExecution.execute(InterceptingClientHttpRequest.java:88)
	at org.springframework.http.client.InterceptingClientHttpRequest.executeInternal(InterceptingClientHttpRequest.java:72)
	at org.springframework.http.client.AbstractBufferingClientHttpRequest.executeInternal(AbstractBufferingClientHttpRequest.java:48)
	at org.springframework.http.client.AbstractClientHttpRequest.execute(AbstractClientHttpRequest.java:81)
	at org.springframework.web.client.RestTemplate.doExecute(RestTemplate.java:900)
	... 23 more

05-09-2025 10:40:02.985 [DiscoveryClient-CacheRefreshExecutor-%d] [-] WARN  GOAL-SERVICE-c.n.d.s.t.d.RetryableEurekaHttpClient.execute - Request execution failed with message: I/O error on GET request for "http://localhost:8761/eureka/apps/delta": Connect to http://localhost:8761 failed: Connection refused: getsockopt
05-09-2025 10:40:02.985 [DiscoveryClient-CacheRefreshExecutor-%d] [-] INFO  GOAL-SERVICE-c.netflix.discovery.DiscoveryClient.fetchRegistry - DiscoveryClient_GOAL-SERVICE/10.150.0.155:GOAL-SERVICE:8085 - was unable to refresh its cache! This periodic background refresh will be retried in 30 seconds. status = Cannot execute request on any known server stacktrace = com.netflix.discovery.shared.transport.TransportException: Cannot execute request on any known server
	at com.netflix.discovery.shared.transport.decorator.RetryableEurekaHttpClient.execute(RetryableEurekaHttpClient.java:112)
	at com.netflix.discovery.shared.transport.decorator.EurekaHttpClientDecorator.getDelta(EurekaHttpClientDecorator.java:149)
	at com.netflix.discovery.shared.transport.decorator.EurekaHttpClientDecorator$7.execute(EurekaHttpClientDecorator.java:152)
	at com.netflix.discovery.shared.transport.decorator.SessionedEurekaHttpClient.execute(SessionedEurekaHttpClient.java:76)
	at com.netflix.discovery.shared.transport.decorator.EurekaHttpClientDecorator.getDelta(EurekaHttpClientDecorator.java:149)
	at com.netflix.discovery.DiscoveryClient.getAndUpdateDelta(DiscoveryClient.java:1080)
	at com.netflix.discovery.DiscoveryClient.fetchRegistry(DiscoveryClient.java:963)
	at com.netflix.discovery.DiscoveryClient.refreshRegistry(DiscoveryClient.java:1473)
	at com.netflix.discovery.DiscoveryClient$CacheRefreshThread.run(DiscoveryClient.java:1441)
	at java.base/java.util.concurrent.Executors$RunnableAdapter.call(Executors.java:572)
	at java.base/java.util.concurrent.FutureTask.run(FutureTask.java:317)
	at java.base/java.util.concurrent.ThreadPoolExecutor.runWorker(ThreadPoolExecutor.java:1144)
	at java.base/java.util.concurrent.ThreadPoolExecutor$Worker.run(ThreadPoolExecutor.java:642)
	at java.base/java.lang.Thread.run(Thread.java:1583)

05-09-2025 10:40:04.911 [SpringApplicationShutdownHook] [-] INFO  GOAL-SERVICE-c.netflix.discovery.DiscoveryClient.unregister - Unregistering ...
05-09-2025 10:40:04.922 [SpringApplicationShutdownHook] [-] INFO  GOAL-SERVICE-c.n.d.s.t.d.RedirectingEurekaHttpClient.execute - Request execution error. endpoint=DefaultEndpoint{ serviceUrl='http://localhost:8761/eureka/}, exception=I/O error on DELETE request for "http://localhost:8761/eureka/apps/GOAL-SERVICE/10.150.0.155:GOAL-SERVICE:8085": Connect to http://localhost:8761 failed: Connection refused: getsockopt stacktrace=org.springframework.web.client.ResourceAccessException: I/O error on DELETE request for "http://localhost:8761/eureka/apps/GOAL-SERVICE/10.150.0.155:GOAL-SERVICE:8085": Connect to http://localhost:8761 failed: Connection refused: getsockopt
	at org.springframework.web.client.RestTemplate.createResourceAccessException(RestTemplate.java:926)
	at org.springframework.web.client.RestTemplate.doExecute(RestTemplate.java:906)
	at org.springframework.web.client.RestTemplate.execute(RestTemplate.java:841)
	at org.springframework.web.client.RestTemplate.exchange(RestTemplate.java:702)
	at org.springframework.cloud.netflix.eureka.http.RestTemplateEurekaHttpClient.cancel(RestTemplateEurekaHttpClient.java:100)
	at com.netflix.discovery.shared.transport.decorator.EurekaHttpClientDecorator$2.execute(EurekaHttpClientDecorator.java:74)
	at com.netflix.discovery.shared.transport.decorator.RedirectingEurekaHttpClient.executeOnNewServer(RedirectingEurekaHttpClient.java:121)
	at com.netflix.discovery.shared.transport.decorator.RedirectingEurekaHttpClient.execute(RedirectingEurekaHttpClient.java:80)
	at com.netflix.discovery.shared.transport.decorator.EurekaHttpClientDecorator.cancel(EurekaHttpClientDecorator.java:71)
	at com.netflix.discovery.shared.transport.decorator.EurekaHttpClientDecorator$2.execute(EurekaHttpClientDecorator.java:74)
	at com.netflix.discovery.shared.transport.decorator.RetryableEurekaHttpClient.execute(RetryableEurekaHttpClient.java:120)
	at com.netflix.discovery.shared.transport.decorator.EurekaHttpClientDecorator.cancel(EurekaHttpClientDecorator.java:71)
	at com.netflix.discovery.shared.transport.decorator.EurekaHttpClientDecorator$2.execute(EurekaHttpClientDecorator.java:74)
	at com.netflix.discovery.shared.transport.decorator.SessionedEurekaHttpClient.execute(SessionedEurekaHttpClient.java:76)
	at com.netflix.discovery.shared.transport.decorator.EurekaHttpClientDecorator.cancel(EurekaHttpClientDecorator.java:71)
	at com.netflix.discovery.DiscoveryClient.unregister(DiscoveryClient.java:919)
	at com.netflix.discovery.DiscoveryClient.shutdown(DiscoveryClient.java:900)
	at java.base/jdk.internal.reflect.DirectMethodHandleAccessor.invoke(DirectMethodHandleAccessor.java:103)
	at java.base/java.lang.reflect.Method.invoke(Method.java:580)
	at org.springframework.beans.factory.annotation.InitDestroyAnnotationBeanPostProcessor$LifecycleMethod.invoke(InitDestroyAnnotationBeanPostProcessor.java:457)
	at org.springframework.beans.factory.annotation.InitDestroyAnnotationBeanPostProcessor$LifecycleMetadata.invokeDestroyMethods(InitDestroyAnnotationBeanPostProcessor.java:415)
	at org.springframework.beans.factory.annotation.InitDestroyAnnotationBeanPostProcessor.postProcessBeforeDestruction(InitDestroyAnnotationBeanPostProcessor.java:239)
	at org.springframework.beans.factory.support.DisposableBeanAdapter.destroy(DisposableBeanAdapter.java:202)
	at org.springframework.beans.factory.support.DisposableBeanAdapter.run(DisposableBeanAdapter.java:195)
	at org.springframework.cloud.context.scope.GenericScope$BeanLifecycleWrapper.destroy(GenericScope.java:387)
	at org.springframework.cloud.context.scope.GenericScope.destroy(GenericScope.java:134)
	at org.springframework.beans.factory.support.DisposableBeanAdapter.destroy(DisposableBeanAdapter.java:211)
	at org.springframework.beans.factory.support.DefaultSingletonBeanRegistry.destroyBean(DefaultSingletonBeanRegistry.java:798)
	at org.springframework.beans.factory.support.DefaultSingletonBeanRegistry.destroySingleton(DefaultSingletonBeanRegistry.java:748)
	at org.springframework.beans.factory.support.DefaultListableBeanFactory.destroySingleton(DefaultListableBeanFactory.java:1474)
	at org.springframework.beans.factory.support.DefaultSingletonBeanRegistry.destroySingletons(DefaultSingletonBeanRegistry.java:707)
	at org.springframework.beans.factory.support.DefaultListableBeanFactory.destroySingletons(DefaultListableBeanFactory.java:1467)
	at org.springframework.context.support.AbstractApplicationContext.destroyBeans(AbstractApplicationContext.java:1219)
	at org.springframework.context.support.AbstractApplicationContext.doClose(AbstractApplicationContext.java:1180)
	at org.springframework.boot.web.servlet.context.ServletWebServerApplicationContext.doClose(ServletWebServerApplicationContext.java:179)
	at org.springframework.context.support.AbstractApplicationContext.close(AbstractApplicationContext.java:1126)
	at org.springframework.boot.SpringApplicationShutdownHook.closeAndWait(SpringApplicationShutdownHook.java:147)
	at java.base/java.lang.Iterable.forEach(Iterable.java:75)
	at org.springframework.boot.SpringApplicationShutdownHook.run(SpringApplicationShutdownHook.java:116)
	at java.base/java.lang.Thread.run(Thread.java:1583)
Caused by: org.apache.hc.client5.http.HttpHostConnectException: Connect to http://localhost:8761 failed: Connection refused: getsockopt
	at java.base/sun.nio.ch.Net.pollConnect(Native Method)
	at java.base/sun.nio.ch.Net.pollConnectNow(Net.java:682)
	at java.base/sun.nio.ch.NioSocketImpl.timedFinishConnect(NioSocketImpl.java:542)
	at java.base/sun.nio.ch.NioSocketImpl.connect(NioSocketImpl.java:592)
	at java.base/java.net.SocksSocketImpl.connect(SocksSocketImpl.java:327)
	at java.base/java.net.Socket.connect(Socket.java:751)
	at org.apache.hc.client5.http.impl.io.DefaultHttpClientConnectionOperator.connect(DefaultHttpClientConnectionOperator.java:205)
	at org.apache.hc.client5.http.impl.io.PoolingHttpClientConnectionManager.connect(PoolingHttpClientConnectionManager.java:490)
	at org.apache.hc.client5.http.impl.classic.InternalExecRuntime.connectEndpoint(InternalExecRuntime.java:164)
	at org.apache.hc.client5.http.impl.classic.InternalExecRuntime.connectEndpoint(InternalExecRuntime.java:174)
	at org.apache.hc.client5.http.impl.classic.ConnectExec.execute(ConnectExec.java:144)
	at org.apache.hc.client5.http.impl.classic.ExecChainElement.execute(ExecChainElement.java:51)
	at org.apache.hc.client5.http.impl.classic.ProtocolExec.execute(ProtocolExec.java:195)
	at org.apache.hc.client5.http.impl.classic.ExecChainElement.execute(ExecChainElement.java:51)
	at org.apache.hc.client5.http.impl.classic.ContentCompressionExec.execute(ContentCompressionExec.java:150)
	at org.apache.hc.client5.http.impl.classic.ExecChainElement.execute(ExecChainElement.java:51)
	at org.apache.hc.client5.http.impl.classic.HttpRequestRetryExec.execute(HttpRequestRetryExec.java:113)
	at org.apache.hc.client5.http.impl.classic.ExecChainElement.execute(ExecChainElement.java:51)
	at org.apache.hc.client5.http.impl.classic.RedirectExec.execute(RedirectExec.java:110)
	at org.apache.hc.client5.http.impl.classic.ExecChainElement.execute(ExecChainElement.java:51)
	at org.apache.hc.client5.http.impl.classic.InternalHttpClient.doExecute(InternalHttpClient.java:185)
	at org.apache.hc.client5.http.impl.classic.CloseableHttpClient.execute(CloseableHttpClient.java:87)
	at org.apache.hc.client5.http.impl.classic.CloseableHttpClient.execute(CloseableHttpClient.java:55)
	at org.apache.hc.client5.http.classic.HttpClient.executeOpen(HttpClient.java:183)
	at org.springframework.http.client.HttpComponentsClientHttpRequest.executeInternal(HttpComponentsClientHttpRequest.java:99)
	at org.springframework.http.client.AbstractStreamingClientHttpRequest.executeInternal(AbstractStreamingClientHttpRequest.java:71)
	at org.springframework.http.client.AbstractClientHttpRequest.execute(AbstractClientHttpRequest.java:81)
	at org.springframework.http.client.InterceptingClientHttpRequest$InterceptingRequestExecution.execute(InterceptingClientHttpRequest.java:117)
	at org.springframework.cloud.netflix.eureka.http.RestTemplateTransportClientFactory.lambda$restTemplate$2(RestTemplateTransportClientFactory.java:145)
	at org.springframework.http.client.InterceptingClientHttpRequest$InterceptingRequestExecution.execute(InterceptingClientHttpRequest.java:88)
	at org.springframework.http.client.InterceptingClientHttpRequest.executeInternal(InterceptingClientHttpRequest.java:72)
	at org.springframework.http.client.AbstractBufferingClientHttpRequest.executeInternal(AbstractBufferingClientHttpRequest.java:48)
	at org.springframework.http.client.AbstractClientHttpRequest.execute(AbstractClientHttpRequest.java:81)
	at org.springframework.web.client.RestTemplate.doExecute(RestTemplate.java:900)
	... 38 more

05-09-2025 10:40:04.923 [SpringApplicationShutdownHook] [-] WARN  GOAL-SERVICE-c.n.d.s.t.d.RetryableEurekaHttpClient.execute - Request execution failed with message: I/O error on DELETE request for "http://localhost:8761/eureka/apps/GOAL-SERVICE/10.150.0.155:GOAL-SERVICE:8085": Connect to http://localhost:8761 failed: Connection refused: getsockopt
05-09-2025 10:40:04.923 [SpringApplicationShutdownHook] [-] ERROR GOAL-SERVICE-c.netflix.discovery.DiscoveryClient.unregister - DiscoveryClient_GOAL-SERVICE/10.150.0.155:GOAL-SERVICE:8085 - de-registration failedCannot execute request on any known server
com.netflix.discovery.shared.transport.TransportException: Cannot execute request on any known server
	at com.netflix.discovery.shared.transport.decorator.RetryableEurekaHttpClient.execute(RetryableEurekaHttpClient.java:112)
	at com.netflix.discovery.shared.transport.decorator.EurekaHttpClientDecorator.cancel(EurekaHttpClientDecorator.java:71)
	at com.netflix.discovery.shared.transport.decorator.EurekaHttpClientDecorator$2.execute(EurekaHttpClientDecorator.java:74)
	at com.netflix.discovery.shared.transport.decorator.SessionedEurekaHttpClient.execute(SessionedEurekaHttpClient.java:76)
	at com.netflix.discovery.shared.transport.decorator.EurekaHttpClientDecorator.cancel(EurekaHttpClientDecorator.java:71)
	at com.netflix.discovery.DiscoveryClient.unregister(DiscoveryClient.java:919)
	at com.netflix.discovery.DiscoveryClient.shutdown(DiscoveryClient.java:900)
	at java.base/jdk.internal.reflect.DirectMethodHandleAccessor.invoke(DirectMethodHandleAccessor.java:103)
	at java.base/java.lang.reflect.Method.invoke(Method.java:580)
	at org.springframework.beans.factory.annotation.InitDestroyAnnotationBeanPostProcessor$LifecycleMethod.invoke(InitDestroyAnnotationBeanPostProcessor.java:457)
	at org.springframework.beans.factory.annotation.InitDestroyAnnotationBeanPostProcessor$LifecycleMetadata.invokeDestroyMethods(InitDestroyAnnotationBeanPostProcessor.java:415)
	at org.springframework.beans.factory.annotation.InitDestroyAnnotationBeanPostProcessor.postProcessBeforeDestruction(InitDestroyAnnotationBeanPostProcessor.java:239)
	at org.springframework.beans.factory.support.DisposableBeanAdapter.destroy(DisposableBeanAdapter.java:202)
	at org.springframework.beans.factory.support.DisposableBeanAdapter.run(DisposableBeanAdapter.java:195)
	at org.springframework.cloud.context.scope.GenericScope$BeanLifecycleWrapper.destroy(GenericScope.java:387)
	at org.springframework.cloud.context.scope.GenericScope.destroy(GenericScope.java:134)
	at org.springframework.beans.factory.support.DisposableBeanAdapter.destroy(DisposableBeanAdapter.java:211)
	at org.springframework.beans.factory.support.DefaultSingletonBeanRegistry.destroyBean(DefaultSingletonBeanRegistry.java:798)
	at org.springframework.beans.factory.support.DefaultSingletonBeanRegistry.destroySingleton(DefaultSingletonBeanRegistry.java:748)
	at org.springframework.beans.factory.support.DefaultListableBeanFactory.destroySingleton(DefaultListableBeanFactory.java:1474)
	at org.springframework.beans.factory.support.DefaultSingletonBeanRegistry.destroySingletons(DefaultSingletonBeanRegistry.java:707)
	at org.springframework.beans.factory.support.DefaultListableBeanFactory.destroySingletons(DefaultListableBeanFactory.java:1467)
	at org.springframework.context.support.AbstractApplicationContext.destroyBeans(AbstractApplicationContext.java:1219)
	at org.springframework.context.support.AbstractApplicationContext.doClose(AbstractApplicationContext.java:1180)
	at org.springframework.boot.web.servlet.context.ServletWebServerApplicationContext.doClose(ServletWebServerApplicationContext.java:179)
	at org.springframework.context.support.AbstractApplicationContext.close(AbstractApplicationContext.java:1126)
	at org.springframework.boot.SpringApplicationShutdownHook.closeAndWait(SpringApplicationShutdownHook.java:147)
	at java.base/java.lang.Iterable.forEach(Iterable.java:75)
	at org.springframework.boot.SpringApplicationShutdownHook.run(SpringApplicationShutdownHook.java:116)
	at java.base/java.lang.Thread.run(Thread.java:1583)
05-09-2025 10:40:04.924 [SpringApplicationShutdownHook] [-] INFO  GOAL-SERVICE-c.netflix.discovery.DiscoveryClient.shutdown - Completed shut down of DiscoveryClient
